Loaded texture: Media/Gui/score.png
Loaded texture: Media/Models/ship.png
Loaded texture: Media/Models/starfield.png
Loaded texture: Media/Models/particle.bmp
Loaded texture: Media/Models/particlewhite.bmp
Loaded texture: Media/Models/smoke.bmp
Game has finished loading.
Loaded texture: Media/Models/enemy.png
Loaded texture: Media/Models/enemy2.png
Loaded texture: Media/Gui/score.png
Loaded texture: Media/Models/ship.png
Loaded texture: Media/Models/starfield.png
Loaded texture: Media/Models/particle.bmp
Loaded texture: Media/Models/particlewhite.bmp
Loaded texture: Media/Models/smoke.bmp
Game has finished loading.
Loaded texture: Media/Models/lazer.png
Loaded texture: Media/Models/enemy.png
Loaded texture: Media/Models/enemy2.png
Loaded texture: Media/Models/Explosion1.png
Loaded texture: Media/Models/Explosion2.png
Loaded texture: Media/Models/Explosion3.png
Loaded texture: Media/Models/Explosion4.png
Loaded texture: Media/Models/Explosion5.png
Loaded texture: Media/Models/Explosion6.png
Loaded texture: Media/Models/Explosion7.png
Loaded texture: Media/Models/Explosion8.png
Loaded texture: Media/Models/Explosion9.png
Loaded texture: Media/Models/Explosion10.png
Loaded texture: Media/Models/Explosion11.png
Loaded texture: Media/Models/Explosion12.png
Loaded texture: Media/Models/Explosion13.png
Loaded texture: Media/Models/Explosion14.png
Loaded texture: Media/Gui/score.png
Loaded texture: Media/Models/ship.png
Loaded texture: Media/Models/starfield.png
Loaded texture: Media/Models/particle.bmp
Loaded texture: Media/Models/particlewhite.bmp
Loaded texture: Media/Models/smoke.bmp
Game has finished loading.
Loaded texture: Media/Models/enemy.png
Loaded texture: Media/Models/enemy2.png
Loaded texture: Media/Models/lazer.png
Loaded texture: Media/Models/Explosion1.png
Loaded texture: Media/Models/Explosion2.png
Loaded texture: Media/Models/Explosion3.png
Loaded texture: Media/Models/Explosion4.png
Loaded texture: Media/Models/Explosion5.png
Loaded texture: Media/Models/Explosion6.png
Loaded texture: Media/Models/Explosion7.png
Loaded texture: Media/Models/Explosion8.png
Loaded texture: Media/Models/Explosion9.png
Loaded texture: Media/Models/Explosion10.png
Loaded texture: Media/Models/Explosion11.png
Loaded texture: Media/Models/Explosion12.png
Loaded texture: Media/Models/Explosion13.png
Loaded texture: Media/Models/Explosion14.png
Loaded texture: Media/Gui/score.png
Loaded texture: Media/Models/ship.png
Loaded texture: Media/Models/starfield.png
Loaded texture: Media/Models/particle.bmp
Loaded texture: Media/Models/particlewhite.bmp
Loaded texture: Media/Models/smoke.bmp
Game has finished loading.
Loaded texture: Media/Models/enemy.png
Loaded texture: Media/Models/enemy2.png
Loaded texture: Media/Gui/score.png
Loaded texture: Media/Models/ship.png
Loaded texture: Media/Models/starfield.png
Loaded texture: Media/Models/particle.bmp
Loaded texture: Media/Models/particlewhite.bmp
Loaded texture: Media/Models/smoke.bmp
Game has finished loading.
Loaded texture: Media/Models/enemy.png
Loaded texture: Media/Models/enemy2.png
Loaded texture: Media/Gui/score.png
Loaded texture: Media/Models/ship.png
Loaded mesh: Media/Models/ship.MY3D
Loaded texture: Media/Models/starfield.png
Loaded texture: Media/Models/particle.bmp
Loaded texture: Media/Models/particlewhite.bmp
Loaded texture: Media/Models/smoke.bmp
Game has finished loading.
Loaded texture: Media/Models/enemy.png
Loaded texture: Media/Models/enemy2.png
Loaded texture: Media/Models/lazer.png
Loaded texture: Media/Gui/score.png
Loaded texture: Media/Models/ship.png
Loaded mesh: Media/Models/ship.MY3D
Loaded texture: Media/Models/starfield.png
Loaded texture: Media/Models/particle.bmp
Loaded texture: Media/Models/particlewhite.bmp
Loaded texture: Media/Models/smoke.bmp
Game has finished loading.
Loaded texture: Media/Models/enemy.png
Loaded texture: Media/Models/enemy2.png
Loaded texture: Media/Models/lazer.png
Loaded texture: Media/Gui/score.png
Loaded texture: Media/Models/ship.png
Loaded mesh: Media/Models/ship.MY3D
Loaded texture: Media/Models/starfield.png
Game has finished loading.
Loaded texture: Media/Models/enemy.png
Loaded texture: Media/Models/enemy2.png
Loaded texture: Media/Models/lazer.png
Loaded texture: Media/Gui/score.png
Loaded texture: Media/Models/ship.png
Loaded mesh: Media/Models/ship.MY3D
Loaded texture: Media/Models/starfield.png
Game has finished loading.
Loaded texture: Media/Models/lazer.png
Loaded texture: Media/Models/enemy.png
Loaded texture: Media/Models/enemy2.png
Loaded texture: Media/Models/Explosion1.png
Loaded texture: Media/Models/Explosion2.png
Loaded texture: Media/Models/Explosion3.png
Loaded texture: Media/Models/Explosion4.png
Loaded texture: Media/Models/Explosion5.png
Loaded texture: Media/Models/Explosion6.png
Loaded texture: Media/Models/Explosion7.png
Loaded texture: Media/Models/Explosion8.png
Loaded texture: Media/Models/Explosion9.png
Loaded texture: Media/Models/Explosion10.png
Loaded texture: Media/Models/Explosion11.png
Loaded texture: Media/Models/Explosion12.png
Loaded texture: Media/Models/Explosion13.png
Loaded texture: Media/Models/Explosion14.png
Loaded texture: Media/Gui/score.png
Loaded texture: Media/Models/ship.png
Loaded mesh: Media/Models/ship.MY3D
Loaded texture: Media/Models/starfield.png
Game has finished loading.
Loaded texture: Media/Models/lazer.png
Loaded texture: Media/Models/enemy.png
Loaded texture: Media/Models/enemy2.png
Loaded texture: Media/Gui/score.png
Loaded texture: Media/Models/ship.png
Loaded mesh: Media/Models/ship.MY3D
Loaded texture: Media/Models/starfield.png
Game has finished loading.
Loaded texture: Media/Models/enemy.png
Loaded texture: Media/Models/enemy2.png
Loaded texture: Media/Models/lazer.png
Loaded texture: Media/Models/Explosion1.png
Loaded texture: Media/Models/Explosion2.png
Loaded texture: Media/Models/Explosion3.png
Loaded texture: Media/Models/Explosion4.png
Loaded texture: Media/Models/Explosion5.png
Loaded texture: Media/Models/Explosion6.png
Loaded texture: Media/Models/Explosion7.png
Loaded texture: Media/Models/Explosion8.png
Loaded texture: Media/Models/Explosion9.png
Loaded texture: Media/Models/Explosion10.png
Loaded texture: Media/Models/Explosion11.png
Loaded texture: Media/Models/Explosion12.png
Loaded texture: Media/Models/Explosion13.png
Loaded texture: Media/Models/Explosion14.png
Loaded texture: Media/Gui/score.png
Loaded texture: Media/Models/ship.png
Loaded mesh: Media/Models/ship.MY3D
Loaded texture: Media/Models/starfield.png
Game has finished loading.
Loaded texture: Media/Models/lazer.png
Loaded texture: Media/Models/enemy.png
Loaded texture: Media/Models/enemy2.png
Loaded texture: Media/Models/Explosion1.png
Loaded texture: Media/Models/Explosion2.png
Loaded texture: Media/Models/Explosion3.png
Loaded texture: Media/Models/Explosion4.png
Loaded texture: Media/Models/Explosion5.png
Loaded texture: Media/Models/Explosion6.png
Loaded texture: Media/Models/Explosion7.png
Loaded texture: Media/Models/Explosion8.png
Loaded texture: Media/Models/Explosion9.png
Loaded texture: Media/Models/Explosion10.png
Loaded texture: Media/Models/Explosion11.png
Loaded texture: Media/Models/Explosion12.png
Loaded texture: Media/Models/Explosion13.png
Loaded texture: Media/Models/Explosion14.png
Loaded texture: Media/Gui/score.png
Loaded texture: Media/Models/ship.png
Loaded mesh: Media/Models/ship.MY3D
Loaded texture: Media/Models/starfield.png
Game has finished loading.
Loaded texture: Media/Models/enemy.png
Loaded texture: Media/Models/enemy2.png
Loaded texture: Media/Gui/score.png
Loaded texture: Media/Models/ship.png
Loaded mesh: Media/Models/ship.MY3D
Loaded texture: Media/Models/starfield.png
Game has finished loading.
Loaded texture: Media/Models/lazer.png
Loaded texture: Media/Models/enemy.png
Loaded texture: Media/Models/enemy2.png
Loaded texture: Media/Models/Explosion1.png
Loaded texture: Media/Models/Explosion2.png
Loaded texture: Media/Models/Explosion3.png
Loaded texture: Media/Models/Explosion4.png
Loaded texture: Media/Models/Explosion5.png
Loaded texture: Media/Models/Explosion6.png
Loaded texture: Media/Models/Explosion7.png
Loaded texture: Media/Models/Explosion8.png
Loaded texture: Media/Models/Explosion9.png
Loaded texture: Media/Models/Explosion10.png
Loaded texture: Media/Models/Explosion11.png
Loaded texture: Media/Models/Explosion12.png
Loaded texture: Media/Models/Explosion13.png
Loaded texture: Media/Models/Explosion14.png
Loaded texture: Media/Gui/score.png
Loaded texture: Media/Models/ship.png
Loaded mesh: Media/Models/ship.MY3D
Loaded texture: Media/Models/starfield.png
Game has finished loading.
Loaded texture: Media/Models/enemy.png
Loaded texture: Media/Models/enemy2.png
Loaded texture: Media/Gui/score.png
Loaded texture: Media/Models/ship.png
Loaded mesh: Media/Models/ship.MY3D
Loaded texture: Media/Models/starfield.png
Game has finished loading.
Loaded texture: Media/Models/enemy.png
Loaded texture: Media/Models/enemy2.png
Loaded texture: Media/Gui/score.png
Loaded texture: Media/Models/ship.png
Loaded mesh: Media/Models/ship.MY3D
Loaded texture: Media/Models/starfield.png
Game has finished loading.
Loaded texture: Media/Models/enemy.png
Loaded texture: Media/Models/enemy2.png
Loaded texture: Media/Gui/score.png
Loaded texture: Media/Models/ship.png
Loaded mesh: Media/Models/ship.MY3D
Loaded texture: Media/Models/starfield.png
Game has finished loading.
Loaded texture: Media/Models/enemy.png
Loaded texture: Media/Models/enemy2.png
Loaded texture: Media/Gui/score.png
Loaded texture: Media/Models/ship.png
Loaded mesh: Media/Models/ship.MY3D
Loaded texture: Media/Models/starfield.png
Game has finished loading.
Loaded texture: Media/Models/enemy.png
Loaded texture: Media/Models/enemy2.png
Loaded texture: Media/Models/lazer.png
Loaded texture: Media/Gui/score.png
Loaded texture: Media/Models/ship.png
Loaded mesh: Media/Models/ship.MY3D
Loaded texture: Media/Models/starfield.png
Game has finished loading.
Loaded texture: Media/Models/enemy.png
Loaded texture: Media/Models/enemy2.png
Loaded texture: Media/Gui/score.png
Loaded texture: Media/Models/ship.png
Loaded mesh: Media/Models/ship.MY3D
Loaded texture: Media/Models/starfield.png
Game has finished loading.
Loaded texture: Media/Models/enemy.png
Loaded texture: Media/Models/enemy2.png
Loaded texture: Media/Models/lazer.png
Loaded texture: Media/Gui/score.png
Loaded texture: Media/Models/ship.png
Loaded mesh: Media/Models/ship.MY3D
Loaded texture: Media/Models/starfield.png
Game has finished loading.
Loaded texture: Media/Models/enemy.png
Loaded texture: Media/Models/enemy2.png
Loaded texture: Media/Models/lazer.png
Loaded texture: Media/Gui/score.png
Loaded texture: Media/Models/ship.png
Loaded mesh: Media/Models/ship.MY3D
Loaded texture: Media/Models/starfield.png
Game has finished loading.
Loaded texture: Media/Models/enemy.png
Loaded texture: Media/Models/enemy2.png
Loaded texture: Media/Models/lazer.png
Loaded texture: Media/Gui/score.png
Loaded texture: Media/Models/ship.png
Loaded mesh: Media/Models/ship.MY3D
Loaded texture: Media/Models/starfield.png
Game has finished loading.
Loaded texture: Media/Models/enemy.png
Loaded texture: Media/Models/enemy2.png
Loaded texture: Media/Gui/score.png
Loaded texture: Media/Models/ship.png
Loaded mesh: Media/Models/ship.MY3D
Loaded texture: Media/Models/starfield.png
Game has finished loading.
Loaded texture: Media/Models/enemy.png
Loaded texture: Media/Models/enemy2.png
Loaded texture: Media/Models/lazer.png
Loaded texture: Media/Models/Explosion1.png
Loaded texture: Media/Models/Explosion2.png
Loaded texture: Media/Models/Explosion3.png
Loaded texture: Media/Models/Explosion4.png
Loaded texture: Media/Models/Explosion5.png
Loaded texture: Media/Models/Explosion6.png
Loaded texture: Media/Models/Explosion7.png
Loaded texture: Media/Models/Explosion8.png
Loaded texture: Media/Models/Explosion9.png
Loaded texture: Media/Models/Explosion10.png
Loaded texture: Media/Models/Explosion11.png
Loaded texture: Media/Models/Explosion12.png
Loaded texture: Media/Models/Explosion13.png
Loaded texture: Media/Models/Explosion14.png
Loaded texture: Media/Gui/score.png
Loaded texture: Media/Models/ship.png
Loaded mesh: Media/Models/ship.MY3D
Loaded texture: Media/Models/starfield.png
Game has finished loading.
Loaded texture: Media/Models/enemy.png
Loaded texture: Media/Models/enemy2.png
Loaded texture: Media/Models/lazer.png
Loaded texture: Media/Gui/score.png
Loaded texture: Media/Models/ship.png
Loaded mesh: Media/Models/ship.MY3D
Loaded texture: Media/Models/starfield.png
Game has finished loading.
Loaded texture: Media/Models/enemy.png
Loaded texture: Media/Models/enemy2.png
Loaded texture: Media/Gui/score.png
Loaded texture: Media/Models/ship.png
Loaded mesh: Media/Models/ship.MY3D
Loaded texture: Media/Models/starfield.png
Game has finished loading.
Loaded texture: Media/Models/enemy.png
Loaded texture: Media/Models/enemy2.png
Loaded texture: Media/Models/lazer.png
Loaded texture: Media/Gui/score.png
Loaded texture: Media/Models/ship.png
Loaded mesh: Media/Models/ship.MY3D
Loaded texture: Media/Models/starfield.png
Game has finished loading.
Loaded texture: Media/Models/enemy.png
Loaded texture: Media/Models/enemy2.png
Loaded texture: Media/Models/lazer.png
Loaded texture: Media/Models/Explosion1.png
Loaded texture: Media/Models/Explosion2.png
Loaded texture: Media/Models/Explosion3.png
Loaded texture: Media/Models/Explosion4.png
Loaded texture: Media/Models/Explosion5.png
Loaded texture: Media/Models/Explosion6.png
Loaded texture: Media/Models/Explosion7.png
Loaded texture: Media/Models/Explosion8.png
Loaded texture: Media/Models/Explosion9.png
Loaded texture: Media/Models/Explosion10.png
Loaded texture: Media/Models/Explosion11.png
Loaded texture: Media/Models/Explosion12.png
Loaded texture: Media/Models/Explosion13.png
Loaded texture: Media/Models/Explosion14.png
Loaded texture: Media/Gui/score.png
Loaded texture: Media/Models/ship.png
Loaded mesh: Media/Models/ship.MY3D
Loaded texture: Media/Models/starfield.png
Game has finished loading.
Loaded texture: Media/Models/enemy.png
Loaded texture: Media/Models/enemy2.png
Loaded texture: Media/Gui/score.png
Loaded texture: Media/Models/ship.png
Loaded mesh: Media/Models/ship.MY3D
Loaded texture: Media/Models/starfield.png
Game has finished loading.
Loaded texture: Media/Models/enemy.png
Loaded texture: Media/Models/enemy2.png
Loaded texture: Media/Models/lazer.png
Loaded texture: Media/Gui/score.png
Loaded texture: Media/Models/ship.png
Loaded mesh: Media/Models/ship.MY3D
Loaded texture: Media/Models/starfield.png
Game has finished loading.
Loaded texture: Media/Models/enemy.png
Loaded texture: Media/Models/enemy2.png
Loaded texture: Media/Gui/score.png
Loaded texture: Media/Models/ship.png
Loaded mesh: Media/Models/ship.MY3D
Loaded texture: Media/Models/starfield.png
Game has finished loading.
Loaded texture: Media/Models/lazer.png
Loaded texture: Media/Models/enemy.png
Loaded texture: Media/Models/enemy2.png
Loaded texture: Media/Models/Explosion1.png
Loaded texture: Media/Models/Explosion2.png
Loaded texture: Media/Models/Explosion3.png
Loaded texture: Media/Models/Explosion4.png
Loaded texture: Media/Models/Explosion5.png
Loaded texture: Media/Models/Explosion6.png
Loaded texture: Media/Models/Explosion7.png
Loaded texture: Media/Models/Explosion8.png
Loaded texture: Media/Models/Explosion9.png
Loaded texture: Media/Models/Explosion10.png
Loaded texture: Media/Models/Explosion11.png
Loaded texture: Media/Models/Explosion12.png
Loaded texture: Media/Models/Explosion13.png
Loaded texture: Media/Models/Explosion14.png
Loaded texture: Media/Gui/score.png
Loaded texture: Media/Models/ship.png
Loaded mesh: Media/Models/ship.MY3D
Loaded texture: Media/Models/starfield.png
Game has finished loading.
Loaded texture: Media/Models/enemy.png
Loaded texture: Media/Models/enemy2.png
Loaded texture: Media/Models/lazer.png
Loaded texture: Media/Gui/score.png
Loaded texture: Media/Models/ship.png
Loaded mesh: Media/Models/ship.MY3D
Loaded texture: Media/Models/starfield.png
Game has finished loading.
Loaded texture: Media/Models/lazer.png
Loaded texture: Media/Models/enemy.png
Loaded texture: Media/Models/enemy2.png
Loaded texture: Media/Models/Explosion1.png
Loaded texture: Media/Models/Explosion2.png
Loaded texture: Media/Models/Explosion3.png
Loaded texture: Media/Models/Explosion4.png
Loaded texture: Media/Models/Explosion5.png
Loaded texture: Media/Models/Explosion6.png
Loaded texture: Media/Models/Explosion7.png
Loaded texture: Media/Models/Explosion8.png
Loaded texture: Media/Models/Explosion9.png
Loaded texture: Media/Models/Explosion10.png
Loaded texture: Media/Models/Explosion11.png
Loaded texture: Media/Models/Explosion12.png
Loaded texture: Media/Models/Explosion13.png
Loaded texture: Media/Models/Explosion14.png
Loaded texture: Media/Gui/score.png
Loaded texture: Media/Models/particle.bmp
Loaded texture: Media/Models/particlewhite.bmp
Loaded texture: Media/Models/smoke.bmp
Loaded texture: Media/Models/ship.png
Loaded mesh: Media/Models/ship.MY3D
Loaded texture: Media/Models/starfield.png
Game has finished loading.
Loaded texture: Media/Models/lazer.png
Loaded texture: Media/Models/enemy.png
Loaded texture: Media/Models/enemy2.png
Loaded texture: Media/Models/Explosion1.png
Loaded texture: Media/Models/Explosion2.png
Loaded texture: Media/Models/Explosion3.png
Loaded texture: Media/Models/Explosion4.png
Loaded texture: Media/Models/Explosion5.png
Loaded texture: Media/Models/Explosion6.png
Loaded texture: Media/Models/Explosion7.png
Loaded texture: Media/Models/Explosion8.png
Loaded texture: Media/Models/Explosion9.png
Loaded texture: Media/Models/Explosion10.png
Loaded texture: Media/Models/Explosion11.png
Loaded texture: Media/Models/Explosion12.png
Loaded texture: Media/Models/Explosion13.png
Loaded texture: Media/Models/Explosion14.png
Loaded texture: Media/Gui/score.png
Loaded texture: Media/Models/particle.bmp
Loaded texture: Media/Models/particlewhite.bmp
Loaded texture: Media/Models/smoke.bmp
Loaded texture: Media/Models/ship.png
Loaded mesh: Media/Models/ship.MY3D
Loaded texture: Media/Models/starfield.png
Game has finished loading.
Loaded texture: Media/Models/lazer.png
Loaded texture: Media/Models/enemy.png
Loaded texture: Media/Models/enemy2.png
Loaded texture: Media/Models/Explosion1.png
Loaded texture: Media/Models/Explosion2.png
Loaded texture: Media/Models/Explosion3.png
Loaded texture: Media/Models/Explosion4.png
Loaded texture: Media/Models/Explosion5.png
Loaded texture: Media/Models/Explosion6.png
Loaded texture: Media/Models/Explosion7.png
Loaded texture: Media/Models/Explosion8.png
Loaded texture: Media/Models/Explosion9.png
Loaded texture: Media/Models/Explosion10.png
Loaded texture: Media/Models/Explosion11.png
Loaded texture: Media/Models/Explosion12.png
Loaded texture: Media/Models/Explosion13.png
Loaded texture: Media/Models/Explosion14.png
Loaded texture: Media/Gui/score.png
Loaded texture: Media/Models/particle.bmp
Loaded texture: Media/Models/particlewhite.bmp
Loaded texture: Media/Models/smoke.bmp
Loaded texture: Media/Models/ship.png
Loaded mesh: Media/Models/ship.MY3D
Loaded texture: Media/Models/starfield.png
Game has finished loading.
Loaded texture: Media/Models/lazer.png
Loaded texture: Media/Models/enemy.png
Loaded texture: Media/Models/enemy2.png
Loaded texture: Media/Models/Explosion1.png
Loaded texture: Media/Models/Explosion2.png
Loaded texture: Media/Models/Explosion3.png
Loaded texture: Media/Models/Explosion4.png
Loaded texture: Media/Models/Explosion5.png
Loaded texture: Media/Models/Explosion6.png
Loaded texture: Media/Models/Explosion7.png
Loaded texture: Media/Models/Explosion8.png
Loaded texture: Media/Models/Explosion9.png
Loaded texture: Media/Models/Explosion10.png
Loaded texture: Media/Models/Explosion11.png
Loaded texture: Media/Models/Explosion12.png
Loaded texture: Media/Models/Explosion13.png
Loaded texture: Media/Models/Explosion14.png
Loaded texture: Media/Gui/score.png
Loaded texture: Media/Models/particle.bmp
Loaded texture: Media/Models/particlewhite.bmp
Loaded texture: Media/Models/smoke.bmp
Loaded texture: Media/Models/ship.png
Loaded mesh: Media/Models/ship.MY3D
Loaded texture: Media/Models/starfield.png
Game has finished loading.
Loaded texture: Media/Models/lazer.png
Loaded texture: Media/Models/enemy.png
Loaded texture: Media/Models/enemy2.png
Loaded texture: Media/Models/Explosion1.png
Loaded texture: Media/Models/Explosion2.png
Loaded texture: Media/Models/Explosion3.png
Loaded texture: Media/Models/Explosion4.png
Loaded texture: Media/Models/Explosion5.png
Loaded texture: Media/Models/Explosion6.png
Loaded texture: Media/Models/Explosion7.png
Loaded texture: Media/Models/Explosion8.png
Loaded texture: Media/Models/Explosion9.png
Loaded texture: Media/Models/Explosion10.png
Loaded texture: Media/Models/Explosion11.png
Loaded texture: Media/Models/Explosion12.png
Loaded texture: Media/Models/Explosion13.png
Loaded texture: Media/Models/Explosion14.png
Loaded texture: Media/Gui/score.png
Loaded texture: Media/Models/particle.bmp
Loaded texture: Media/Models/particlewhite.bmp
Loaded texture: Media/Models/smoke.bmp
Loaded texture: Media/Models/ship.png
Loaded mesh: Media/Models/ship.MY3D
Loaded texture: Media/Models/starfield.png
Game has finished loading.
Loaded texture: Media/Models/lazer.png
Loaded texture: Media/Models/enemy.png
Loaded texture: Media/Models/enemy2.png
Loaded texture: Media/Models/Explosion1.png
Loaded texture: Media/Models/Explosion2.png
Loaded texture: Media/Models/Explosion3.png
Loaded texture: Media/Models/Explosion4.png
Loaded texture: Media/Models/Explosion5.png
Loaded texture: Media/Models/Explosion6.png
Loaded texture: Media/Models/Explosion7.png
Loaded texture: Media/Models/Explosion8.png
Loaded texture: Media/Models/Explosion9.png
Loaded texture: Media/Models/Explosion10.png
Loaded texture: Media/Models/Explosion11.png
Loaded texture: Media/Models/Explosion12.png
Loaded texture: Media/Models/Explosion13.png
Loaded texture: Media/Models/Explosion14.png
Loaded texture: Media/Gui/score.png
Loaded texture: Media/Models/particle.bmp
Loaded texture: Media/Models/particlewhite.bmp
Loaded texture: Media/Models/smoke.bmp
Loaded texture: Media/Models/ship.png
Loaded mesh: Media/Models/ship.MY3D
Loaded texture: Media/Models/starfield.png
Game has finished loading.
Loaded texture: Media/Models/lazer.png
Loaded texture: Media/Models/enemy.png
Loaded texture: Media/Models/enemy2.png
Loaded texture: Media/Models/Explosion1.png
Loaded texture: Media/Models/Explosion2.png
Loaded texture: Media/Models/Explosion3.png
Loaded texture: Media/Models/Explosion4.png
Loaded texture: Media/Models/Explosion5.png
Loaded texture: Media/Models/Explosion6.png
Loaded texture: Media/Models/Explosion7.png
Loaded texture: Media/Models/Explosion8.png
Loaded texture: Media/Models/Explosion9.png
Loaded texture: Media/Models/Explosion10.png
Loaded texture: Media/Models/Explosion11.png
Loaded texture: Media/Models/Explosion12.png
Loaded texture: Media/Models/Explosion13.png
Loaded texture: Media/Models/Explosion14.png
Loaded texture: Media/Gui/score.png
Loaded texture: Media/Models/particle.bmp
Loaded texture: Media/Models/particlewhite.bmp
Loaded texture: Media/Models/smoke.bmp
Loaded texture: Media/Models/ship.png
Loaded mesh: Media/Models/ship.MY3D
Loaded texture: Media/Models/starfield.png
Game has finished loading.
Loaded texture: Media/Models/enemy.png
Loaded texture: Media/Models/enemy2.png
Loaded texture: Media/Models/lazer.png
Loaded texture: Media/Gui/score.png
Loaded texture: Media/Models/particle.bmp
Loaded texture: Media/Models/particlewhite.bmp
Loaded texture: Media/Models/smoke.bmp
Loaded texture: Media/Models/ship.png
Loaded mesh: Media/Models/ship.MY3D
Loaded texture: Media/Models/starfield.png
Game has finished loading.
Loaded texture: Media/Models/enemy.png
Loaded texture: Media/Models/enemy2.png
Loaded texture: Media/Gui/score.png
Loaded texture: Media/Models/particle.bmp
Loaded texture: Media/Models/particlewhite.bmp
Loaded texture: Media/Models/smoke.bmp
Loaded texture: Media/Models/ship.png
Loaded mesh: Media/Models/ship.MY3D
Loaded texture: Media/Models/starfield.png
Game has finished loading.
Loaded texture: Media/Models/lazer.png
Loaded texture: Media/Models/enemy.png
Loaded texture: Media/Models/enemy2.png
Loaded texture: Media/Models/Explosion1.png
Loaded texture: Media/Models/Explosion2.png
Loaded texture: Media/Models/Explosion3.png
Loaded texture: Media/Models/Explosion4.png
Loaded texture: Media/Models/Explosion5.png
Loaded texture: Media/Models/Explosion6.png
Loaded texture: Media/Models/Explosion7.png
Loaded texture: Media/Models/Explosion8.png
Loaded texture: Media/Models/Explosion9.png
Loaded texture: Media/Models/Explosion10.png
Loaded texture: Media/Models/Explosion11.png
Loaded texture: Media/Models/Explosion12.png
Loaded texture: Media/Models/Explosion13.png
Loaded texture: Media/Models/Explosion14.png
Loaded texture: Media/Gui/score.png
Loaded texture: Media/Models/particle.bmp
Loaded texture: Media/Models/particlewhite.bmp
Loaded texture: Media/Models/smoke.bmp
Loaded texture: Media/Models/ship.png
Loaded mesh: Media/Models/ship.MY3D
Loaded texture: Media/Models/starfield.png
Game has finished loading.
Loaded texture: Media/Models/lazer.png
Loaded texture: Media/Models/enemy.png
Loaded texture: Media/Models/enemy2.png
Loaded texture: Media/Models/Explosion1.png
Loaded texture: Media/Models/Explosion2.png
Loaded texture: Media/Models/Explosion3.png
Loaded texture: Media/Models/Explosion4.png
Loaded texture: Media/Models/Explosion5.png
Loaded texture: Media/Models/Explosion6.png
Loaded texture: Media/Models/Explosion7.png
Loaded texture: Media/Models/Explosion8.png
Loaded texture: Media/Models/Explosion9.png
Loaded texture: Media/Models/Explosion10.png
Loaded texture: Media/Models/Explosion11.png
Loaded texture: Media/Models/Explosion12.png
Loaded texture: Media/Models/Explosion13.png
Loaded texture: Media/Models/Explosion14.png
Loaded texture: Media/Gui/score.png
Loaded texture: Media/Models/particle.bmp
Loaded texture: Media/Models/particlewhite.bmp
Loaded texture: Media/Models/smoke.bmp
Loaded texture: Media/Models/ship.png
Loaded mesh: Media/Models/ship.MY3D
Loaded texture: Media/Models/starfield.png
Game has finished loading.
Loaded texture: Media/Models/lazer.png
Loaded texture: Media/Models/enemy.png
Loaded texture: Media/Models/enemy2.png
Loaded texture: Media/Models/Explosion1.png
Loaded texture: Media/Models/Explosion2.png
Loaded texture: Media/Models/Explosion3.png
Loaded texture: Media/Models/Explosion4.png
Loaded texture: Media/Models/Explosion5.png
Loaded texture: Media/Models/Explosion6.png
Loaded texture: Media/Models/Explosion7.png
Loaded texture: Media/Models/Explosion8.png
Loaded texture: Media/Models/Explosion9.png
Loaded texture: Media/Models/Explosion10.png
Loaded texture: Media/Models/Explosion11.png
Loaded texture: Media/Models/Explosion12.png
Loaded texture: Media/Models/Explosion13.png
Loaded texture: Media/Models/Explosion14.png
Loaded texture: Media/Gui/score.png
Loaded texture: Media/Models/particle.bmp
Loaded texture: Media/Models/particlewhite.bmp
Loaded texture: Media/Models/smoke.bmp
Loaded texture: Media/Models/ship.png
Loaded mesh: Media/Models/ship.MY3D
Loaded texture: Media/Models/starfield.png
Game has finished loading.
Loaded texture: Media/Models/enemy.png
Loaded texture: Media/Models/enemy2.png
Loaded texture: Media/Models/lazer.png
Loaded texture: Media/Models/Explosion1.png
Loaded texture: Media/Models/Explosion2.png
Loaded texture: Media/Models/Explosion3.png
Loaded texture: Media/Models/Explosion4.png
Loaded texture: Media/Models/Explosion5.png
Loaded texture: Media/Models/Explosion6.png
Loaded texture: Media/Models/Explosion7.png
Loaded texture: Media/Models/Explosion8.png
Loaded texture: Media/Models/Explosion9.png
Loaded texture: Media/Models/Explosion10.png
Loaded texture: Media/Models/Explosion11.png
Loaded texture: Media/Models/Explosion12.png
Loaded texture: Media/Models/Explosion13.png
Loaded texture: Media/Models/Explosion14.png
Loaded texture: Media/Gui/score.png
Loaded texture: Media/Models/particle.bmp
Loaded texture: Media/Models/particlewhite.bmp
Loaded texture: Media/Models/smoke.bmp
Loaded texture: Media/Models/ship.png
Loaded mesh: Media/Models/ship.MY3D
Loaded texture: Media/Models/starfield.png
Game has finished loading.
Loaded texture: Media/Models/enemy.png
Loaded texture: Media/Models/enemy2.png
Loaded texture: Media/Models/lazer.png
Loaded texture: Media/Models/Explosion1.png
Loaded texture: Media/Models/Explosion2.png
Loaded texture: Media/Models/Explosion3.png
Loaded texture: Media/Models/Explosion4.png
Loaded texture: Media/Models/Explosion5.png
Loaded texture: Media/Models/Explosion6.png
Loaded texture: Media/Models/Explosion7.png
Loaded texture: Media/Models/Explosion8.png
Loaded texture: Media/Models/Explosion9.png
Loaded texture: Media/Models/Explosion10.png
Loaded texture: Media/Models/Explosion11.png
Loaded texture: Media/Models/Explosion12.png
Loaded texture: Media/Models/Explosion13.png
Loaded texture: Media/Models/Explosion14.png
Loaded texture: Media/Gui/score.png
Loaded texture: Media/Models/particle.bmp
Loaded texture: Media/Models/particlewhite.bmp
Loaded texture: Media/Models/smoke.bmp
Loaded texture: Media/Models/ship.png
Loaded mesh: Media/Models/ship.MY3D
Loaded texture: Media/Models/starfield.png
Game has finished loading.
Loaded texture: Media/Models/enemy.png
Loaded texture: Media/Models/enemy2.png
Loaded texture: Media/Models/lazer.png
Loaded texture: Media/Models/Explosion1.png
Loaded texture: Media/Models/Explosion2.png
Loaded texture: Media/Models/Explosion3.png
Loaded texture: Media/Models/Explosion4.png
Loaded texture: Media/Models/Explosion5.png
Loaded texture: Media/Models/Explosion6.png
Loaded texture: Media/Models/Explosion7.png
Loaded texture: Media/Models/Explosion8.png
Loaded texture: Media/Models/Explosion9.png
Loaded texture: Media/Models/Explosion10.png
Loaded texture: Media/Models/Explosion11.png
Loaded texture: Media/Models/Explosion12.png
Loaded texture: Media/Models/Explosion13.png
Loaded texture: Media/Models/Explosion14.png
Loaded texture: Media/Gui/score.png
Loaded texture: Media/Models/particle.bmp
Loaded texture: Media/Models/particlewhite.bmp
Loaded texture: Media/Models/smoke.bmp
Loaded texture: Media/Models/ship.png
Loaded mesh: Media/Models/ship.MY3D
Loaded texture: Media/Models/starfield.png
Game has finished loading.
Loaded texture: Media/Models/enemy.png
Loaded texture: Media/Models/enemy2.png
Loaded texture: Media/Models/lazer.png
Loaded texture: Media/Models/Explosion1.png
Loaded texture: Media/Models/Explosion2.png
Loaded texture: Media/Models/Explosion3.png
Loaded texture: Media/Models/Explosion4.png
Loaded texture: Media/Models/Explosion5.png
Loaded texture: Media/Models/Explosion6.png
Loaded texture: Media/Models/Explosion7.png
Loaded texture: Media/Models/Explosion8.png
Loaded texture: Media/Models/Explosion9.png
Loaded texture: Media/Models/Explosion10.png
Loaded texture: Media/Models/Explosion11.png
Loaded texture: Media/Models/Explosion12.png
Loaded texture: Media/Models/Explosion13.png
Loaded texture: Media/Models/Explosion14.png
Loaded texture: Media/Gui/score.png
Loaded texture: Media/Models/particle.bmp
Loaded texture: Media/Models/particlewhite.bmp
Loaded texture: Media/Models/smoke.bmp
Loaded texture: Media/Models/ship.png
Loaded mesh: Media/Models/ship.MY3D
Loaded texture: Media/Models/starfield.png
Game has finished loading.
Loaded texture: Media/Models/enemy.png
Loaded texture: Media/Models/enemy2.png
Loaded texture: Media/Models/lazer.png
Loaded texture: Media/Models/Explosion1.png
Loaded texture: Media/Models/Explosion2.png
Loaded texture: Media/Models/Explosion3.png
Loaded texture: Media/Models/Explosion4.png
Loaded texture: Media/Models/Explosion5.png
Loaded texture: Media/Models/Explosion6.png
Loaded texture: Media/Models/Explosion7.png
Loaded texture: Media/Models/Explosion8.png
Loaded texture: Media/Models/Explosion9.png
Loaded texture: Media/Models/Explosion10.png
Loaded texture: Media/Models/Explosion11.png
Loaded texture: Media/Models/Explosion12.png
Loaded texture: Media/Models/Explosion13.png
Loaded texture: Media/Models/Explosion14.png
Loaded texture: Media/Gui/score.png
Loaded texture: Media/Models/particle.bmp
Loaded texture: Media/Models/particlewhite.bmp
Loaded texture: Media/Models/smoke.bmp
Loaded texture: Media/Models/ship.png
Loaded mesh: Media/Models/ship.MY3D
Loaded texture: Media/Models/starfield.png
Game has finished loading.
Loaded texture: Media/Models/enemy.png
Loaded texture: Media/Models/enemy2.png
Loaded texture: Media/Models/lazer.png
Loaded texture: Media/Models/Explosion1.png
Loaded texture: Media/Models/Explosion2.png
Loaded texture: Media/Models/Explosion3.png
Loaded texture: Media/Models/Explosion4.png
Loaded texture: Media/Models/Explosion5.png
Loaded texture: Media/Models/Explosion6.png
Loaded texture: Media/Models/Explosion7.png
Loaded texture: Media/Models/Explosion8.png
Loaded texture: Media/Models/Explosion9.png
Loaded texture: Media/Models/Explosion10.png
Loaded texture: Media/Models/Explosion11.png
Loaded texture: Media/Models/Explosion12.png
Loaded texture: Media/Models/Explosion13.png
Loaded texture: Media/Models/Explosion14.png
Loaded texture: Media/Gui/score.png
Loaded texture: Media/Models/particle.bmp
Loaded texture: Media/Models/particlewhite.bmp
Loaded texture: Media/Models/smoke.bmp
Loaded texture: Media/Models/ship.png
Loaded mesh: Media/Models/ship.MY3D
Loaded texture: Media/Models/starfield.png
Game has finished loading.
Loaded texture: Media/Models/lazer.png
Loaded texture: Media/Gui/score.png
Loaded texture: Media/Models/particle.bmp
Loaded texture: Media/Models/particlewhite.bmp
Loaded texture: Media/Models/smoke.bmp
Loaded texture: Media/Models/ship.png
Loaded mesh: Media/Models/ship.MY3D
Loaded texture: Media/Models/starfield.png
Game has finished loading.
Loaded texture: Media/Models/lazer.png
Loaded texture: Media/Models/enemy.png
Loaded texture: Media/Models/enemy2.png
Loaded texture: Media/Models/Explosion1.png
Loaded texture: Media/Models/Explosion2.png
Loaded texture: Media/Models/Explosion3.png
Loaded texture: Media/Models/Explosion4.png
Loaded texture: Media/Models/Explosion5.png
Loaded texture: Media/Models/Explosion6.png
Loaded texture: Media/Models/Explosion7.png
Loaded texture: Media/Models/Explosion8.png
Loaded texture: Media/Models/Explosion9.png
Loaded texture: Media/Models/Explosion10.png
Loaded texture: Media/Models/Explosion11.png
Loaded texture: Media/Models/Explosion12.png
Loaded texture: Media/Models/Explosion13.png
Loaded texture: Media/Models/Explosion14.png
Loaded texture: Media/Gui/score.png
Loaded texture: Media/Models/particle.bmp
Loaded texture: Media/Models/particlewhite.bmp
Loaded texture: Media/Models/smoke.bmp
Loaded texture: Media/Models/ship.png
Loaded mesh: Media/Models/ship.MY3D
Loaded texture: Media/Models/starfield.png
Game has finished loading.
Loaded texture: Media/Models/lazer.png
Loaded texture: Media/Models/enemy.png
Loaded texture: Media/Models/enemy2.png
Loaded texture: Media/Models/Explosion1.png
Loaded texture: Media/Models/Explosion2.png
Loaded texture: Media/Models/Explosion3.png
Loaded texture: Media/Models/Explosion4.png
Loaded texture: Media/Models/Explosion5.png
Loaded texture: Media/Models/Explosion6.png
Loaded texture: Media/Models/Explosion7.png
Loaded texture: Media/Models/Explosion8.png
Loaded texture: Media/Models/Explosion9.png
Loaded texture: Media/Models/Explosion10.png
Loaded texture: Media/Models/Explosion11.png
Loaded texture: Media/Models/Explosion12.png
Loaded texture: Media/Models/Explosion13.png
Loaded texture: Media/Models/Explosion14.png
Loaded texture: Media/Gui/score.png
Loaded texture: Media/Models/particle.bmp
Loaded texture: Media/Models/particlewhite.bmp
Loaded texture: Media/Models/smoke.bmp
Loaded texture: Media/Models/ship.png
Loaded mesh: Media/Models/ship.MY3D
Loaded texture: Media/Models/starfield.png
Game has finished loading.
Loaded texture: Media/Models/lazer.png
Loaded texture: Media/Models/enemy.png
Loaded texture: Media/Models/enemy2.png
Loaded texture: Media/Models/Explosion1.png
Loaded texture: Media/Models/Explosion2.png
Loaded texture: Media/Models/Explosion3.png
Loaded texture: Media/Models/Explosion4.png
Loaded texture: Media/Models/Explosion5.png
Loaded texture: Media/Models/Explosion6.png
Loaded texture: Media/Models/Explosion7.png
Loaded texture: Media/Models/Explosion8.png
Loaded texture: Media/Models/Explosion9.png
Loaded texture: Media/Models/Explosion10.png
Loaded texture: Media/Models/Explosion11.png
Loaded texture: Media/Models/Explosion12.png
Loaded texture: Media/Models/Explosion13.png
Loaded texture: Media/Models/Explosion14.png
Loaded texture: Media/Gui/score.png
Loaded texture: Media/Models/particle.bmp
Loaded texture: Media/Models/particlewhite.bmp
Loaded texture: Media/Models/smoke.bmp
Loaded texture: Media/Models/ship.png
Loaded mesh: Media/Models/ship.MY3D
Loaded texture: Media/Models/fireball.bmp
Loaded texture: Media/Models/starfield.png
Game has finished loading.
Loaded texture: Media/Models/enemy.png
Loaded texture: Media/Models/enemy2.png
Loaded texture: Media/Gui/score.png
Loaded texture: Media/Models/particle.bmp
Loaded texture: Media/Models/particlewhite.bmp
Loaded texture: Media/Models/smoke.bmp
Loaded texture: Media/Models/ship.png
Loaded mesh: Media/Models/ship.MY3D
Loaded texture: Media/Models/fireball.bmp
Loaded texture: Media/Models/starfield.png
Game has finished loading.
Loaded texture: Media/Models/lazer.png
Loaded texture: Media/Models/enemy.png
Loaded texture: Media/Models/enemy2.png
Loaded texture: Media/Models/Explosion1.png
Loaded texture: Media/Models/Explosion2.png
Loaded texture: Media/Models/Explosion3.png
Loaded texture: Media/Models/Explosion4.png
Loaded texture: Media/Models/Explosion5.png
Loaded texture: Media/Models/Explosion6.png
Loaded texture: Media/Models/Explosion7.png
Loaded texture: Media/Models/Explosion8.png
Loaded texture: Media/Models/Explosion9.png
Loaded texture: Media/Models/Explosion10.png
Loaded texture: Media/Models/Explosion11.png
Loaded texture: Media/Models/Explosion12.png
Loaded texture: Media/Models/Explosion13.png
Loaded texture: Media/Models/Explosion14.png
Loaded texture: Media/Gui/score.png
Loaded texture: Media/Models/particle.bmp
Loaded texture: Media/Models/particlewhite.bmp
Loaded texture: Media/Models/smoke.bmp
Loaded texture: Media/Models/ship.png
Loaded mesh: Media/Models/ship.MY3D
Loaded texture: Media/Models/fireball.bmp
Loaded texture: Media/Models/starfield.png
Game has finished loading.
Loaded texture: Media/Models/enemy.png
Loaded texture: Media/Models/enemy2.png
Loaded texture: Media/Models/lazer.png
Loaded texture: Media/Models/Explosion1.png
Loaded texture: Media/Models/Explosion2.png
Loaded texture: Media/Models/Explosion3.png
Loaded texture: Media/Models/Explosion4.png
Loaded texture: Media/Models/Explosion5.png
Loaded texture: Media/Models/Explosion6.png
Loaded texture: Media/Models/Explosion7.png
Loaded texture: Media/Models/Explosion8.png
Loaded texture: Media/Models/Explosion9.png
Loaded texture: Media/Models/Explosion10.png
Loaded texture: Media/Models/Explosion11.png
Loaded texture: Media/Models/Explosion12.png
Loaded texture: Media/Models/Explosion13.png
Loaded texture: Media/Models/Explosion14.png
PNG warning: iCCP: known incorrect sRGB profile
PNG warning: iCCP: known incorrect sRGB profile
Game has finished loading.
PNG warning: iCCP: known incorrect sRGB profile
PNG warning: iCCP: known incorrect sRGB profile
PNG warning: iCCP: known incorrect sRGB profile
PNG warning: iCCP: known incorrect sRGB profile
PNG warning: iCCP: known incorrect sRGB profile
PNG warning: iCCP: known incorrect sRGB profile
PNG warning: iCCP: known incorrect sRGB profile
PNG warning: iCCP: known incorrect sRGB profile
PNG warning: iCCP: known incorrect sRGB profile
PNG warning: iCCP: known incorrect sRGB profile
PNG warning: iCCP: known incorrect sRGB profile
PNG warning: iCCP: known incorrect sRGB profile
PNG warning: iCCP: known incorrect sRGB profile
PNG warning: iCCP: known incorrect sRGB profile
PNG warning: iCCP: known incorrect sRGB profile
PNG warning: iCCP: known incorrect sRGB profile
PNG warning: iCCP: known incorrect sRGB profile
