The system is: Linux - 4.12.14-lp150.12.76-default - x86_64
Compiling the C compiler identification source file "CMakeCCompilerId.c" succeeded.
Compiler: /usr/bin/cc 
Build flags: 
Id flags:  

The output was:
0


Compilation of the C compiler identification source "CMakeCCompilerId.c" produced "a.out"

The C compiler identification is GNU, found in "/run/media/netpipe/df7f53ef-2a98-4562-a498-7da578dab660/Dev/libs/game/PeakEngines/PeakEngine/old/peakengine-luna/lib/toluapp/CMakeFiles/3.10.2/CompilerIdC/a.out"

Determining if the C compiler works passed with the following output:
Change Dir: /run/media/netpipe/df7f53ef-2a98-4562-a498-7da578dab660/Dev/libs/game/PeakEngines/PeakEngine/old/peakengine-luna/lib/toluapp/CMakeFiles/CMakeTmp

Run Build Command:"/usr/bin/gmake" "cmTC_0e897/fast"
/usr/bin/gmake -f CMakeFiles/cmTC_0e897.dir/build.make CMakeFiles/cmTC_0e897.dir/build
gmake[1]: Entering directory '/run/media/netpipe/df7f53ef-2a98-4562-a498-7da578dab660/Dev/libs/game/PeakEngines/PeakEngine/old/peakengine-luna/lib/toluapp/CMakeFiles/CMakeTmp'
Building C object CMakeFiles/cmTC_0e897.dir/testCCompiler.c.o
/usr/bin/cc    -o CMakeFiles/cmTC_0e897.dir/testCCompiler.c.o   -c /run/media/netpipe/df7f53ef-2a98-4562-a498-7da578dab660/Dev/libs/game/PeakEngines/PeakEngine/old/peakengine-luna/lib/toluapp/CMakeFiles/CMakeTmp/testCCompiler.c
Linking C executable cmTC_0e897
/usr/bin/cmake -E cmake_link_script CMakeFiles/cmTC_0e897.dir/link.txt --verbose=1
/usr/bin/cc      -rdynamic CMakeFiles/cmTC_0e897.dir/testCCompiler.c.o  -o cmTC_0e897 
gmake[1]: Leaving directory '/run/media/netpipe/df7f53ef-2a98-4562-a498-7da578dab660/Dev/libs/game/PeakEngines/PeakEngine/old/peakengine-luna/lib/toluapp/CMakeFiles/CMakeTmp'


Detecting C compiler ABI info compiled with the following output:
Change Dir: /run/media/netpipe/df7f53ef-2a98-4562-a498-7da578dab660/Dev/libs/game/PeakEngines/PeakEngine/old/peakengine-luna/lib/toluapp/CMakeFiles/CMakeTmp

Run Build Command:"/usr/bin/gmake" "cmTC_1850c/fast"
/usr/bin/gmake -f CMakeFiles/cmTC_1850c.dir/build.make CMakeFiles/cmTC_1850c.dir/build
gmake[1]: Entering directory '/run/media/netpipe/df7f53ef-2a98-4562-a498-7da578dab660/Dev/libs/game/PeakEngines/PeakEngine/old/peakengine-luna/lib/toluapp/CMakeFiles/CMakeTmp'
Building C object CMakeFiles/cmTC_1850c.dir/CMakeCCompilerABI.c.o
/usr/bin/cc    -o CMakeFiles/cmTC_1850c.dir/CMakeCCompilerABI.c.o   -c /usr/share/cmake/Modules/CMakeCCompilerABI.c
Linking C executable cmTC_1850c
/usr/bin/cmake -E cmake_link_script CMakeFiles/cmTC_1850c.dir/link.txt --verbose=1
/usr/bin/cc     -v -rdynamic CMakeFiles/cmTC_1850c.dir/CMakeCCompilerABI.c.o  -o cmTC_1850c 
Using built-in specs.
COLLECT_GCC=/usr/bin/cc
COLLECT_LTO_WRAPPER=/usr/lib64/gcc/x86_64-suse-linux/7/lto-wrapper
OFFLOAD_TARGET_NAMES=hsa:nvptx-none
Target: x86_64-suse-linux
Configured with: ../configure --prefix=/usr --infodir=/usr/share/info --mandir=/usr/share/man --libdir=/usr/lib64 --libexecdir=/usr/lib64 --enable-languages=c,c++,objc,fortran,obj-c++,ada,go --enable-offload-targets=hsa,nvptx-none=/usr/nvptx-none, --without-cuda-driver --enable-checking=release --disable-werror --with-gxx-include-dir=/usr/include/c++/7 --enable-ssp --disable-libssp --disable-libvtv --disable-libcc1 --disable-plugin --with-bugurl=https://bugs.opensuse.org/ --with-pkgversion='SUSE Linux' --with-slibdir=/lib64 --with-system-zlib --enable-libstdcxx-allocator=new --disable-libstdcxx-pch --enable-version-specific-runtime-libs --with-gcc-major-version-only --enable-linker-build-id --enable-linux-futex --enable-gnu-indirect-function --program-suffix=-7 --without-system-libunwind --enable-multilib --with-arch-32=x86-64 --with-tune=generic --build=x86_64-suse-linux --host=x86_64-suse-linux
Thread model: posix
gcc version 7.4.1 20190424 [gcc-7-branch revision 270538] (SUSE Linux) 
COMPILER_PATH=/usr/lib64/gcc/x86_64-suse-linux/7/:/usr/lib64/gcc/x86_64-suse-linux/7/:/usr/lib64/gcc/x86_64-suse-linux/:/usr/lib64/gcc/x86_64-suse-linux/7/:/usr/lib64/gcc/x86_64-suse-linux/:/usr/lib64/gcc/x86_64-suse-linux/7/../../../../x86_64-suse-linux/bin/
LIBRARY_PATH=/usr/lib64/gcc/x86_64-suse-linux/7/:/usr/lib64/gcc/x86_64-suse-linux/7/../../../../lib64/:/lib/../lib64/:/usr/lib/../lib64/:/usr/lib64/gcc/x86_64-suse-linux/7/../../../../x86_64-suse-linux/lib/:/usr/lib64/gcc/x86_64-suse-linux/7/../../../:/lib/:/usr/lib/
COLLECT_GCC_OPTIONS='-v' '-rdynamic' '-o' 'cmTC_1850c' '-mtune=generic' '-march=x86-64'
 /usr/lib64/gcc/x86_64-suse-linux/7/collect2 -plugin /usr/lib64/gcc/x86_64-suse-linux/7/liblto_plugin.so -plugin-opt=/usr/lib64/gcc/x86_64-suse-linux/7/lto-wrapper -plugin-opt=-fresolution=/tmp/ccXnuTb7.res -plugin-opt=-pass-through=-lgcc -plugin-opt=-pass-through=-lgcc_s -plugin-opt=-pass-through=-lc -plugin-opt=-pass-through=-lgcc -plugin-opt=-pass-through=-lgcc_s --build-id --eh-frame-hdr -m elf_x86_64 -export-dynamic -dynamic-linker /lib64/ld-linux-x86-64.so.2 -o cmTC_1850c /usr/lib64/gcc/x86_64-suse-linux/7/../../../../lib64/crt1.o /usr/lib64/gcc/x86_64-suse-linux/7/../../../../lib64/crti.o /usr/lib64/gcc/x86_64-suse-linux/7/crtbegin.o -L/usr/lib64/gcc/x86_64-suse-linux/7 -L/usr/lib64/gcc/x86_64-suse-linux/7/../../../../lib64 -L/lib/../lib64 -L/usr/lib/../lib64 -L/usr/lib64/gcc/x86_64-suse-linux/7/../../../../x86_64-suse-linux/lib -L/usr/lib64/gcc/x86_64-suse-linux/7/../../.. CMakeFiles/cmTC_1850c.dir/CMakeCCompilerABI.c.o -lgcc --as-needed -lgcc_s --no-as-needed -lc -lgcc --as-needed -lgcc_s --no-as-needed /usr/lib64/gcc/x86_64-suse-linux/7/crtend.o /usr/lib64/gcc/x86_64-suse-linux/7/../../../../lib64/crtn.o
COLLECT_GCC_OPTIONS='-v' '-rdynamic' '-o' 'cmTC_1850c' '-mtune=generic' '-march=x86-64'
gmake[1]: Leaving directory '/run/media/netpipe/df7f53ef-2a98-4562-a498-7da578dab660/Dev/libs/game/PeakEngines/PeakEngine/old/peakengine-luna/lib/toluapp/CMakeFiles/CMakeTmp'


Parsed C implicit link information from above output:
  link line regex: [^( *|.*[/\])(ld|CMAKE_LINK_STARTFILE-NOTFOUND|([^/\]+-)?ld|collect2)[^/\]*( |$)]
  ignore line: [Change Dir: /run/media/netpipe/df7f53ef-2a98-4562-a498-7da578dab660/Dev/libs/game/PeakEngines/PeakEngine/old/peakengine-luna/lib/toluapp/CMakeFiles/CMakeTmp]
  ignore line: []
  ignore line: [Run Build Command:"/usr/bin/gmake" "cmTC_1850c/fast"]
  ignore line: [/usr/bin/gmake -f CMakeFiles/cmTC_1850c.dir/build.make CMakeFiles/cmTC_1850c.dir/build]
  ignore line: [gmake[1]: Entering directory '/run/media/netpipe/df7f53ef-2a98-4562-a498-7da578dab660/Dev/libs/game/PeakEngines/PeakEngine/old/peakengine-luna/lib/toluapp/CMakeFiles/CMakeTmp']
  ignore line: [Building C object CMakeFiles/cmTC_1850c.dir/CMakeCCompilerABI.c.o]
  ignore line: [/usr/bin/cc    -o CMakeFiles/cmTC_1850c.dir/CMakeCCompilerABI.c.o   -c /usr/share/cmake/Modules/CMakeCCompilerABI.c]
  ignore line: [Linking C executable cmTC_1850c]
  ignore line: [/usr/bin/cmake -E cmake_link_script CMakeFiles/cmTC_1850c.dir/link.txt --verbose=1]
  ignore line: [/usr/bin/cc     -v -rdynamic CMakeFiles/cmTC_1850c.dir/CMakeCCompilerABI.c.o  -o cmTC_1850c ]
  ignore line: [Using built-in specs.]
  ignore line: [COLLECT_GCC=/usr/bin/cc]
  ignore line: [COLLECT_LTO_WRAPPER=/usr/lib64/gcc/x86_64-suse-linux/7/lto-wrapper]
  ignore line: [OFFLOAD_TARGET_NAMES=hsa:nvptx-none]
  ignore line: [Target: x86_64-suse-linux]
  ignore line: [Configured with: ../configure --prefix=/usr --infodir=/usr/share/info --mandir=/usr/share/man --libdir=/usr/lib64 --libexecdir=/usr/lib64 --enable-languages=c,c++,objc,fortran,obj-c++,ada,go --enable-offload-targets=hsa,nvptx-none=/usr/nvptx-none, --without-cuda-driver --enable-checking=release --disable-werror --with-gxx-include-dir=/usr/include/c++/7 --enable-ssp --disable-libssp --disable-libvtv --disable-libcc1 --disable-plugin --with-bugurl=https://bugs.opensuse.org/ --with-pkgversion='SUSE Linux' --with-slibdir=/lib64 --with-system-zlib --enable-libstdcxx-allocator=new --disable-libstdcxx-pch --enable-version-specific-runtime-libs --with-gcc-major-version-only --enable-linker-build-id --enable-linux-futex --enable-gnu-indirect-function --program-suffix=-7 --without-system-libunwind --enable-multilib --with-arch-32=x86-64 --with-tune=generic --build=x86_64-suse-linux --host=x86_64-suse-linux]
  ignore line: [Thread model: posix]
  ignore line: [gcc version 7.4.1 20190424 [gcc-7-branch revision 270538] (SUSE Linux) ]
  ignore line: [COMPILER_PATH=/usr/lib64/gcc/x86_64-suse-linux/7/:/usr/lib64/gcc/x86_64-suse-linux/7/:/usr/lib64/gcc/x86_64-suse-linux/:/usr/lib64/gcc/x86_64-suse-linux/7/:/usr/lib64/gcc/x86_64-suse-linux/:/usr/lib64/gcc/x86_64-suse-linux/7/../../../../x86_64-suse-linux/bin/]
  ignore line: [LIBRARY_PATH=/usr/lib64/gcc/x86_64-suse-linux/7/:/usr/lib64/gcc/x86_64-suse-linux/7/../../../../lib64/:/lib/../lib64/:/usr/lib/../lib64/:/usr/lib64/gcc/x86_64-suse-linux/7/../../../../x86_64-suse-linux/lib/:/usr/lib64/gcc/x86_64-suse-linux/7/../../../:/lib/:/usr/lib/]
  ignore line: [COLLECT_GCC_OPTIONS='-v' '-rdynamic' '-o' 'cmTC_1850c' '-mtune=generic' '-march=x86-64']
  link line: [ /usr/lib64/gcc/x86_64-suse-linux/7/collect2 -plugin /usr/lib64/gcc/x86_64-suse-linux/7/liblto_plugin.so -plugin-opt=/usr/lib64/gcc/x86_64-suse-linux/7/lto-wrapper -plugin-opt=-fresolution=/tmp/ccXnuTb7.res -plugin-opt=-pass-through=-lgcc -plugin-opt=-pass-through=-lgcc_s -plugin-opt=-pass-through=-lc -plugin-opt=-pass-through=-lgcc -plugin-opt=-pass-through=-lgcc_s --build-id --eh-frame-hdr -m elf_x86_64 -export-dynamic -dynamic-linker /lib64/ld-linux-x86-64.so.2 -o cmTC_1850c /usr/lib64/gcc/x86_64-suse-linux/7/../../../../lib64/crt1.o /usr/lib64/gcc/x86_64-suse-linux/7/../../../../lib64/crti.o /usr/lib64/gcc/x86_64-suse-linux/7/crtbegin.o -L/usr/lib64/gcc/x86_64-suse-linux/7 -L/usr/lib64/gcc/x86_64-suse-linux/7/../../../../lib64 -L/lib/../lib64 -L/usr/lib/../lib64 -L/usr/lib64/gcc/x86_64-suse-linux/7/../../../../x86_64-suse-linux/lib -L/usr/lib64/gcc/x86_64-suse-linux/7/../../.. CMakeFiles/cmTC_1850c.dir/CMakeCCompilerABI.c.o -lgcc --as-needed -lgcc_s --no-as-needed -lc -lgcc --as-needed -lgcc_s --no-as-needed /usr/lib64/gcc/x86_64-suse-linux/7/crtend.o /usr/lib64/gcc/x86_64-suse-linux/7/../../../../lib64/crtn.o]
    arg [/usr/lib64/gcc/x86_64-suse-linux/7/collect2] ==> ignore
    arg [-plugin] ==> ignore
    arg [/usr/lib64/gcc/x86_64-suse-linux/7/liblto_plugin.so] ==> ignore
    arg [-plugin-opt=/usr/lib64/gcc/x86_64-suse-linux/7/lto-wrapper] ==> ignore
    arg [-plugin-opt=-fresolution=/tmp/ccXnuTb7.res] ==> ignore
    arg [-plugin-opt=-pass-through=-lgcc] ==> ignore
    arg [-plugin-opt=-pass-through=-lgcc_s] ==> ignore
    arg [-plugin-opt=-pass-through=-lc] ==> ignore
    arg [-plugin-opt=-pass-through=-lgcc] ==> ignore
    arg [-plugin-opt=-pass-through=-lgcc_s] ==> ignore
    arg [--build-id] ==> ignore
    arg [--eh-frame-hdr] ==> ignore
    arg [-m] ==> ignore
    arg [elf_x86_64] ==> ignore
    arg [-export-dynamic] ==> ignore
    arg [-dynamic-linker] ==> ignore
    arg [/lib64/ld-linux-x86-64.so.2] ==> ignore
    arg [-o] ==> ignore
    arg [cmTC_1850c] ==> ignore
    arg [/usr/lib64/gcc/x86_64-suse-linux/7/../../../../lib64/crt1.o] ==> ignore
    arg [/usr/lib64/gcc/x86_64-suse-linux/7/../../../../lib64/crti.o] ==> ignore
    arg [/usr/lib64/gcc/x86_64-suse-linux/7/crtbegin.o] ==> ignore
    arg [-L/usr/lib64/gcc/x86_64-suse-linux/7] ==> dir [/usr/lib64/gcc/x86_64-suse-linux/7]
    arg [-L/usr/lib64/gcc/x86_64-suse-linux/7/../../../../lib64] ==> dir [/usr/lib64/gcc/x86_64-suse-linux/7/../../../../lib64]
    arg [-L/lib/../lib64] ==> dir [/lib/../lib64]
    arg [-L/usr/lib/../lib64] ==> dir [/usr/lib/../lib64]
    arg [-L/usr/lib64/gcc/x86_64-suse-linux/7/../../../../x86_64-suse-linux/lib] ==> dir [/usr/lib64/gcc/x86_64-suse-linux/7/../../../../x86_64-suse-linux/lib]
    arg [-L/usr/lib64/gcc/x86_64-suse-linux/7/../../..] ==> dir [/usr/lib64/gcc/x86_64-suse-linux/7/../../..]
    arg [CMakeFiles/cmTC_1850c.dir/CMakeCCompilerABI.c.o] ==> ignore
    arg [-lgcc] ==> lib [gcc]
    arg [--as-needed] ==> ignore
    arg [-lgcc_s] ==> lib [gcc_s]
    arg [--no-as-needed] ==> ignore
    arg [-lc] ==> lib [c]
    arg [-lgcc] ==> lib [gcc]
    arg [--as-needed] ==> ignore
    arg [-lgcc_s] ==> lib [gcc_s]
    arg [--no-as-needed] ==> ignore
    arg [/usr/lib64/gcc/x86_64-suse-linux/7/crtend.o] ==> ignore
    arg [/usr/lib64/gcc/x86_64-suse-linux/7/../../../../lib64/crtn.o] ==> ignore
  collapse library dir [/usr/lib64/gcc/x86_64-suse-linux/7] ==> [/usr/lib64/gcc/x86_64-suse-linux/7]
  collapse library dir [/usr/lib64/gcc/x86_64-suse-linux/7/../../../../lib64] ==> [/usr/lib64]
  collapse library dir [/lib/../lib64] ==> [/lib64]
  collapse library dir [/usr/lib/../lib64] ==> [/usr/lib64]
  collapse library dir [/usr/lib64/gcc/x86_64-suse-linux/7/../../../../x86_64-suse-linux/lib] ==> [/usr/x86_64-suse-linux/lib]
  collapse library dir [/usr/lib64/gcc/x86_64-suse-linux/7/../../..] ==> [/usr/lib64]
  implicit libs: [gcc;gcc_s;c;gcc;gcc_s]
  implicit dirs: [/usr/lib64/gcc/x86_64-suse-linux/7;/usr/lib64;/lib64;/usr/x86_64-suse-linux/lib]
  implicit fwks: []




Detecting C [-std=c11] compiler features compiled with the following output:
Change Dir: /run/media/netpipe/df7f53ef-2a98-4562-a498-7da578dab660/Dev/libs/game/PeakEngines/PeakEngine/old/peakengine-luna/lib/toluapp/CMakeFiles/CMakeTmp

Run Build Command:"/usr/bin/gmake" "cmTC_fae57/fast"
/usr/bin/gmake -f CMakeFiles/cmTC_fae57.dir/build.make CMakeFiles/cmTC_fae57.dir/build
gmake[1]: Entering directory '/run/media/netpipe/df7f53ef-2a98-4562-a498-7da578dab660/Dev/libs/game/PeakEngines/PeakEngine/old/peakengine-luna/lib/toluapp/CMakeFiles/CMakeTmp'
Building C object CMakeFiles/cmTC_fae57.dir/feature_tests.c.o
/usr/bin/cc   -std=c11 -o CMakeFiles/cmTC_fae57.dir/feature_tests.c.o   -c /run/media/netpipe/df7f53ef-2a98-4562-a498-7da578dab660/Dev/libs/game/PeakEngines/PeakEngine/old/peakengine-luna/lib/toluapp/CMakeFiles/feature_tests.c
Linking C executable cmTC_fae57
/usr/bin/cmake -E cmake_link_script CMakeFiles/cmTC_fae57.dir/link.txt --verbose=1
/usr/bin/cc      -rdynamic CMakeFiles/cmTC_fae57.dir/feature_tests.c.o  -o cmTC_fae57 
gmake[1]: Leaving directory '/run/media/netpipe/df7f53ef-2a98-4562-a498-7da578dab660/Dev/libs/game/PeakEngines/PeakEngine/old/peakengine-luna/lib/toluapp/CMakeFiles/CMakeTmp'


    Feature record: C_FEATURE:1c_function_prototypes
    Feature record: C_FEATURE:1c_restrict
    Feature record: C_FEATURE:1c_static_assert
    Feature record: C_FEATURE:1c_variadic_macros


Detecting C [-std=c99] compiler features compiled with the following output:
Change Dir: /run/media/netpipe/df7f53ef-2a98-4562-a498-7da578dab660/Dev/libs/game/PeakEngines/PeakEngine/old/peakengine-luna/lib/toluapp/CMakeFiles/CMakeTmp

Run Build Command:"/usr/bin/gmake" "cmTC_3bf3a/fast"
/usr/bin/gmake -f CMakeFiles/cmTC_3bf3a.dir/build.make CMakeFiles/cmTC_3bf3a.dir/build
gmake[1]: Entering directory '/run/media/netpipe/df7f53ef-2a98-4562-a498-7da578dab660/Dev/libs/game/PeakEngines/PeakEngine/old/peakengine-luna/lib/toluapp/CMakeFiles/CMakeTmp'
Building C object CMakeFiles/cmTC_3bf3a.dir/feature_tests.c.o
/usr/bin/cc   -std=c99 -o CMakeFiles/cmTC_3bf3a.dir/feature_tests.c.o   -c /run/media/netpipe/df7f53ef-2a98-4562-a498-7da578dab660/Dev/libs/game/PeakEngines/PeakEngine/old/peakengine-luna/lib/toluapp/CMakeFiles/feature_tests.c
Linking C executable cmTC_3bf3a
/usr/bin/cmake -E cmake_link_script CMakeFiles/cmTC_3bf3a.dir/link.txt --verbose=1
/usr/bin/cc      -rdynamic CMakeFiles/cmTC_3bf3a.dir/feature_tests.c.o  -o cmTC_3bf3a 
gmake[1]: Leaving directory '/run/media/netpipe/df7f53ef-2a98-4562-a498-7da578dab660/Dev/libs/game/PeakEngines/PeakEngine/old/peakengine-luna/lib/toluapp/CMakeFiles/CMakeTmp'


    Feature record: C_FEATURE:1c_function_prototypes
    Feature record: C_FEATURE:1c_restrict
    Feature record: C_FEATURE:0c_static_assert
    Feature record: C_FEATURE:1c_variadic_macros


Detecting C [-std=c90] compiler features compiled with the following output:
Change Dir: /run/media/netpipe/df7f53ef-2a98-4562-a498-7da578dab660/Dev/libs/game/PeakEngines/PeakEngine/old/peakengine-luna/lib/toluapp/CMakeFiles/CMakeTmp

Run Build Command:"/usr/bin/gmake" "cmTC_f8ecf/fast"
/usr/bin/gmake -f CMakeFiles/cmTC_f8ecf.dir/build.make CMakeFiles/cmTC_f8ecf.dir/build
gmake[1]: Entering directory '/run/media/netpipe/df7f53ef-2a98-4562-a498-7da578dab660/Dev/libs/game/PeakEngines/PeakEngine/old/peakengine-luna/lib/toluapp/CMakeFiles/CMakeTmp'
Building C object CMakeFiles/cmTC_f8ecf.dir/feature_tests.c.o
/usr/bin/cc   -std=c90 -o CMakeFiles/cmTC_f8ecf.dir/feature_tests.c.o   -c /run/media/netpipe/df7f53ef-2a98-4562-a498-7da578dab660/Dev/libs/game/PeakEngines/PeakEngine/old/peakengine-luna/lib/toluapp/CMakeFiles/feature_tests.c
Linking C executable cmTC_f8ecf
/usr/bin/cmake -E cmake_link_script CMakeFiles/cmTC_f8ecf.dir/link.txt --verbose=1
/usr/bin/cc      -rdynamic CMakeFiles/cmTC_f8ecf.dir/feature_tests.c.o  -o cmTC_f8ecf 
gmake[1]: Leaving directory '/run/media/netpipe/df7f53ef-2a98-4562-a498-7da578dab660/Dev/libs/game/PeakEngines/PeakEngine/old/peakengine-luna/lib/toluapp/CMakeFiles/CMakeTmp'


    Feature record: C_FEATURE:1c_function_prototypes
    Feature record: C_FEATURE:0c_restrict
    Feature record: C_FEATURE:0c_static_assert
    Feature record: C_FEATURE:0c_variadic_macros
