This file contains any messages produced by compilers while
running configure, to aid debugging if configure makes a mistake.

It was created by guichan configure 0.8.1, which was
generated by GNU Autoconf 2.61.  Invocation command line was

  $ ./configure 

## --------- ##
## Platform. ##
## --------- ##

hostname = linux-wk2q
uname -m = x86_64
uname -r = 2.6.25.11-0.1-default
uname -s = Linux
uname -v = #1 SMP 2008-07-13 20:48:28 +0200

/usr/bin/uname -p = unknown
/bin/uname -X     = unknown

/bin/arch              = x86_64
/usr/bin/arch -k       = unknown
/usr/convex/getsysinfo = unknown
/usr/bin/hostinfo      = unknown
/bin/machine           = unknown
/usr/bin/oslevel       = unknown
/bin/universe          = unknown

PATH: /home/unit41/bin
PATH: /usr/local/bin
PATH: /usr/bin
PATH: /bin
PATH: /usr/bin/X11
PATH: /usr/X11R6/bin
PATH: /usr/games
PATH: /opt/kde3/bin
PATH: /usr/lib64/jvm/jre/bin
PATH: /usr/lib/mit/bin
PATH: /usr/lib/mit/sbin


## ----------- ##
## Core tests. ##
## ----------- ##

configure:1999: checking build system type
configure:2017: result: x86_64-unknown-linux-gnu
configure:2039: checking host system type
configure:2054: result: x86_64-unknown-linux-gnu
configure:2076: checking target system type
configure:2091: result: x86_64-unknown-linux-gnu
configure:2166: checking for a BSD-compatible install
configure:2222: result: /usr/bin/install -c
configure:2233: checking whether build environment is sane
configure:2276: result: yes
configure:2304: checking for a thread-safe mkdir -p
configure:2343: result: /bin/mkdir -p
configure:2356: checking for gawk
configure:2372: found /usr/bin/gawk
configure:2383: result: gawk
configure:2394: checking whether make sets $(MAKE)
configure:2415: result: yes
configure:2666: checking for g++
configure:2682: found /usr/bin/g++
configure:2693: result: g++
configure:2724: checking for C++ compiler version
configure:2731: g++ --version >&5
g++ (SUSE Linux) 4.3.1 20080507 (prerelease) [gcc-4_3-branch revision 135036]
Copyright (C) 2008 Free Software Foundation, Inc.
This is free software; see the source for copying conditions.  There is NO
warranty; not even for MERCHANTABILITY or FITNESS FOR A PARTICULAR PURPOSE.

configure:2734: $? = 0
configure:2741: g++ -v >&5
Using built-in specs.
Target: x86_64-suse-linux
Configured with: ../configure --prefix=/usr --with-local-prefix=/usr/local --infodir=/usr/share/info --mandir=/usr/share/man --libdir=/usr/lib64 --libexecdir=/usr/lib64 --enable-languages=c,c++,objc,fortran,obj-c++,java,ada --enable-checking=release --with-gxx-include-dir=/usr/include/c++/4.3 --enable-ssp --disable-libssp --with-bugurl=http://bugs.opensuse.org/ --with-pkgversion='SUSE Linux' --disable-libgcj --with-slibdir=/lib64 --with-system-zlib --enable-__cxa_atexit --enable-libstdcxx-allocator=new --disable-libstdcxx-pch --program-suffix=-4.3 --enable-version-specific-runtime-libs --enable-linux-futex --without-system-libunwind --with-cpu=generic --build=x86_64-suse-linux
Thread model: posix
gcc version 4.3.1 20080507 (prerelease) [gcc-4_3-branch revision 135036] (SUSE Linux) 
configure:2744: $? = 0
configure:2751: g++ -V >&5
g++: '-V' option must have argument
configure:2754: $? = 1
configure:2777: checking for C++ compiler default output file name
configure:2804: g++    conftest.cpp  >&5
configure:2807: $? = 0
configure:2845: result: a.out
configure:2862: checking whether the C++ compiler works
configure:2872: ./a.out
configure:2875: $? = 0
configure:2892: result: yes
configure:2899: checking whether we are cross compiling
configure:2901: result: no
configure:2904: checking for suffix of executables
configure:2911: g++ -o conftest    conftest.cpp  >&5
configure:2914: $? = 0
configure:2938: result: 
configure:2944: checking for suffix of object files
configure:2970: g++ -c   conftest.cpp >&5
configure:2973: $? = 0
configure:2996: result: o
configure:3000: checking whether we are using the GNU C++ compiler
configure:3029: g++ -c   conftest.cpp >&5
configure:3035: $? = 0
configure:3052: result: yes
configure:3057: checking whether g++ accepts -g
configure:3087: g++ -c -g  conftest.cpp >&5
configure:3093: $? = 0
configure:3192: result: yes
configure:3226: checking for style of include used by make
configure:3254: result: GNU
configure:3279: checking dependency style of g++
configure:3370: result: gcc3
configure:3433: checking for gcc
configure:3449: found /usr/bin/gcc
configure:3460: result: gcc
configure:3698: checking for C compiler version
configure:3705: gcc --version >&5
gcc (SUSE Linux) 4.3.1 20080507 (prerelease) [gcc-4_3-branch revision 135036]
Copyright (C) 2008 Free Software Foundation, Inc.
This is free software; see the source for copying conditions.  There is NO
warranty; not even for MERCHANTABILITY or FITNESS FOR A PARTICULAR PURPOSE.

configure:3708: $? = 0
configure:3715: gcc -v >&5
Using built-in specs.
Target: x86_64-suse-linux
Configured with: ../configure --prefix=/usr --with-local-prefix=/usr/local --infodir=/usr/share/info --mandir=/usr/share/man --libdir=/usr/lib64 --libexecdir=/usr/lib64 --enable-languages=c,c++,objc,fortran,obj-c++,java,ada --enable-checking=release --with-gxx-include-dir=/usr/include/c++/4.3 --enable-ssp --disable-libssp --with-bugurl=http://bugs.opensuse.org/ --with-pkgversion='SUSE Linux' --disable-libgcj --with-slibdir=/lib64 --with-system-zlib --enable-__cxa_atexit --enable-libstdcxx-allocator=new --disable-libstdcxx-pch --program-suffix=-4.3 --enable-version-specific-runtime-libs --enable-linux-futex --without-system-libunwind --with-cpu=generic --build=x86_64-suse-linux
Thread model: posix
gcc version 4.3.1 20080507 (prerelease) [gcc-4_3-branch revision 135036] (SUSE Linux) 
configure:3718: $? = 0
configure:3725: gcc -V >&5
gcc: '-V' option must have argument
configure:3728: $? = 1
configure:3731: checking whether we are using the GNU C compiler
configure:3760: gcc -c   conftest.c >&5
configure:3766: $? = 0
configure:3783: result: yes
configure:3788: checking whether gcc accepts -g
configure:3818: gcc -c -g  conftest.c >&5
configure:3824: $? = 0
configure:3923: result: yes
configure:3940: checking for gcc option to accept ISO C89
configure:4014: gcc  -c -g -O2  conftest.c >&5
configure:4020: $? = 0
configure:4043: result: none needed
configure:4063: checking dependency style of gcc
configure:4154: result: gcc3
configure:4244: checking for a sed that does not truncate output
configure:4298: result: /usr/bin/sed
configure:4301: checking for grep that handles long lines and -e
configure:4375: result: /usr/bin/grep
configure:4380: checking for egrep
configure:4458: result: /usr/bin/grep -E
configure:4474: checking for ld used by gcc
configure:4541: result: /usr/x86_64-suse-linux/bin/ld
configure:4550: checking if the linker (/usr/x86_64-suse-linux/bin/ld) is GNU ld
configure:4565: result: yes
configure:4570: checking for /usr/x86_64-suse-linux/bin/ld option to reload object files
configure:4577: result: -r
configure:4595: checking for BSD-compatible nm
configure:4637: result: /usr/bin/nm -B
configure:4641: checking whether ln -s works
configure:4645: result: yes
configure:4652: checking how to recognise dependent libraries
configure:4824: result: pass_all
configure:4909: gcc -c -g -O2  conftest.c >&5
configure:4912: $? = 0
configure:5343: checking how to run the C preprocessor
configure:5383: gcc -E  conftest.c
configure:5389: $? = 0
configure:5420: gcc -E  conftest.c
conftest.c:10:28: error: ac_nonexistent.h: No such file or directory
configure:5426: $? = 1
configure: failed program was:
| /* confdefs.h.  */
| #define PACKAGE_NAME "guichan"
| #define PACKAGE_TARNAME "guichan"
| #define PACKAGE_VERSION "0.8.1"
| #define PACKAGE_STRING "guichan 0.8.1"
| #define PACKAGE_BUGREPORT "olof.naessen@gmail.com"
| #define PACKAGE "guichan"
| #define VERSION "0.8.1"
| /* end confdefs.h.  */
| #include <ac_nonexistent.h>
configure:5459: result: gcc -E
configure:5488: gcc -E  conftest.c
configure:5494: $? = 0
configure:5525: gcc -E  conftest.c
conftest.c:10:28: error: ac_nonexistent.h: No such file or directory
configure:5531: $? = 1
configure: failed program was:
| /* confdefs.h.  */
| #define PACKAGE_NAME "guichan"
| #define PACKAGE_TARNAME "guichan"
| #define PACKAGE_VERSION "0.8.1"
| #define PACKAGE_STRING "guichan 0.8.1"
| #define PACKAGE_BUGREPORT "olof.naessen@gmail.com"
| #define PACKAGE "guichan"
| #define VERSION "0.8.1"
| /* end confdefs.h.  */
| #include <ac_nonexistent.h>
configure:5569: checking for ANSI C header files
configure:5599: gcc -c -g -O2  conftest.c >&5
configure:5605: $? = 0
configure:5704: gcc -o conftest -g -O2   conftest.c  >&5
configure:5707: $? = 0
configure:5713: ./conftest
configure:5716: $? = 0
configure:5733: result: yes
configure:5757: checking for sys/types.h
configure:5778: gcc -c -g -O2  conftest.c >&5
configure:5784: $? = 0
configure:5800: result: yes
configure:5757: checking for sys/stat.h
configure:5778: gcc -c -g -O2  conftest.c >&5
configure:5784: $? = 0
configure:5800: result: yes
configure:5757: checking for stdlib.h
configure:5778: gcc -c -g -O2  conftest.c >&5
configure:5784: $? = 0
configure:5800: result: yes
configure:5757: checking for string.h
configure:5778: gcc -c -g -O2  conftest.c >&5
configure:5784: $? = 0
configure:5800: result: yes
configure:5757: checking for memory.h
configure:5778: gcc -c -g -O2  conftest.c >&5
configure:5784: $? = 0
configure:5800: result: yes
configure:5757: checking for strings.h
configure:5778: gcc -c -g -O2  conftest.c >&5
configure:5784: $? = 0
configure:5800: result: yes
configure:5757: checking for inttypes.h
configure:5778: gcc -c -g -O2  conftest.c >&5
configure:5784: $? = 0
configure:5800: result: yes
configure:5757: checking for stdint.h
configure:5778: gcc -c -g -O2  conftest.c >&5
configure:5784: $? = 0
configure:5800: result: yes
configure:5757: checking for unistd.h
configure:5778: gcc -c -g -O2  conftest.c >&5
configure:5784: $? = 0
configure:5800: result: yes
configure:5827: checking dlfcn.h usability
configure:5844: gcc -c -g -O2  conftest.c >&5
configure:5850: $? = 0
configure:5864: result: yes
configure:5868: checking dlfcn.h presence
configure:5883: gcc -E  conftest.c
configure:5889: $? = 0
configure:5903: result: yes
configure:5936: checking for dlfcn.h
configure:5944: result: yes
configure:5967: checking how to run the C++ preprocessor
configure:6003: g++ -E  conftest.cpp
configure:6009: $? = 0
configure:6040: g++ -E  conftest.cpp
conftest.cpp:21:28: error: ac_nonexistent.h: No such file or directory
configure:6046: $? = 1
configure: failed program was:
| /* confdefs.h.  */
| #define PACKAGE_NAME "guichan"
| #define PACKAGE_TARNAME "guichan"
| #define PACKAGE_VERSION "0.8.1"
| #define PACKAGE_STRING "guichan 0.8.1"
| #define PACKAGE_BUGREPORT "olof.naessen@gmail.com"
| #define PACKAGE "guichan"
| #define VERSION "0.8.1"
| #define STDC_HEADERS 1
| #define HAVE_SYS_TYPES_H 1
| #define HAVE_SYS_STAT_H 1
| #define HAVE_STDLIB_H 1
| #define HAVE_STRING_H 1
| #define HAVE_MEMORY_H 1
| #define HAVE_STRINGS_H 1
| #define HAVE_INTTYPES_H 1
| #define HAVE_STDINT_H 1
| #define HAVE_UNISTD_H 1
| #define HAVE_DLFCN_H 1
| /* end confdefs.h.  */
| #include <ac_nonexistent.h>
configure:6079: result: g++ -E
configure:6108: g++ -E  conftest.cpp
configure:6114: $? = 0
configure:6145: g++ -E  conftest.cpp
conftest.cpp:21:28: error: ac_nonexistent.h: No such file or directory
configure:6151: $? = 1
configure: failed program was:
| /* confdefs.h.  */
| #define PACKAGE_NAME "guichan"
| #define PACKAGE_TARNAME "guichan"
| #define PACKAGE_VERSION "0.8.1"
| #define PACKAGE_STRING "guichan 0.8.1"
| #define PACKAGE_BUGREPORT "olof.naessen@gmail.com"
| #define PACKAGE "guichan"
| #define VERSION "0.8.1"
| #define STDC_HEADERS 1
| #define HAVE_SYS_TYPES_H 1
| #define HAVE_SYS_STAT_H 1
| #define HAVE_STDLIB_H 1
| #define HAVE_STRING_H 1
| #define HAVE_MEMORY_H 1
| #define HAVE_STRINGS_H 1
| #define HAVE_INTTYPES_H 1
| #define HAVE_STDINT_H 1
| #define HAVE_UNISTD_H 1
| #define HAVE_DLFCN_H 1
| /* end confdefs.h.  */
| #include <ac_nonexistent.h>
configure:6244: checking for g77
configure:6274: result: no
configure:6244: checking for xlf
configure:6274: result: no
configure:6244: checking for f77
configure:6274: result: no
configure:6244: checking for frt
configure:6274: result: no
configure:6244: checking for pgf77
configure:6274: result: no
configure:6244: checking for cf77
configure:6274: result: no
configure:6244: checking for fort77
configure:6274: result: no
configure:6244: checking for fl32
configure:6274: result: no
configure:6244: checking for af77
configure:6274: result: no
configure:6244: checking for xlf90
configure:6274: result: no
configure:6244: checking for f90
configure:6274: result: no
configure:6244: checking for pgf90
configure:6274: result: no
configure:6244: checking for pghpf
configure:6274: result: no
configure:6244: checking for epcf90
configure:6274: result: no
configure:6244: checking for gfortran
configure:6274: result: no
configure:6244: checking for g95
configure:6274: result: no
configure:6244: checking for xlf95
configure:6274: result: no
configure:6244: checking for f95
configure:6274: result: no
configure:6244: checking for fort
configure:6274: result: no
configure:6244: checking for ifort
configure:6274: result: no
configure:6244: checking for ifc
configure:6274: result: no
configure:6244: checking for efc
configure:6274: result: no
configure:6244: checking for pgf95
configure:6274: result: no
configure:6244: checking for lf95
configure:6274: result: no
configure:6244: checking for ftn
configure:6274: result: no
configure:6301: checking for Fortran 77 compiler version
configure:6308:  --version >&5
./configure: line 6309: --version: command not found
configure:6311: $? = 127
configure:6318:  -v >&5
./configure: line 6319: -v: command not found
configure:6321: $? = 127
configure:6328:  -V >&5
./configure: line 6329: -V: command not found
configure:6331: $? = 127
configure:6339: checking whether we are using the GNU Fortran 77 compiler
configure:6358:  -c  conftest.F >&5
./configure: line 6359: -c: command not found
configure:6364: $? = 127
configure: failed program was:
|       program main
| #ifndef __GNUC__
|        choke me
| #endif
| 
|       end
configure:6381: result: no
configure:6387: checking whether  accepts -g
configure:6404:  -c -g conftest.f >&5
./configure: line 6405: -c: command not found
configure:6410: $? = 127
configure: failed program was:
|       program main
| 
|       end
configure:6426: result: no
configure:6456: checking the maximum length of command line arguments
configure:6535: result: 32768
configure:6546: checking command to parse /usr/bin/nm -B output from gcc object
configure:6642: gcc -c -g -O2  conftest.c >&5
configure:6645: $? = 0
configure:6649: /usr/bin/nm -B conftest.o \| sed -n -e 's/^.*[ 	]\([ABCDGIRSTW][ABCDGIRSTW]*\)[ 	][ 	]*\(\)\([_A-Za-z][_A-Za-z0-9]*\)$/\1 \2\3 \3/p' \> conftest.nm
configure:6652: $? = 0
configure:6704: gcc -o conftest -g -O2   conftest.c conftstm.o >&5
configure:6707: $? = 0
configure:6745: result: ok
configure:6749: checking for objdir
configure:6764: result: .libs
configure:6856: checking for ar
configure:6872: found /usr/bin/ar
configure:6883: result: ar
configure:6952: checking for ranlib
configure:6968: found /usr/bin/ranlib
configure:6979: result: ranlib
configure:7048: checking for strip
configure:7064: found /usr/bin/strip
configure:7075: result: strip
configure:7302: checking for correct ltmain.sh version
configure:7332: result: yes
configure:7394: checking if gcc static flag  works
configure:7417: result: yes
configure:7435: checking if gcc supports -fno-rtti -fno-exceptions
configure:7453: gcc -c -g -O2  -fno-rtti -fno-exceptions conftest.c >&5
cc1: warning: command line option "-fno-rtti" is valid for C++/ObjC++ but not for C
configure:7457: $? = 0
configure:7468: result: no
configure:7483: checking for gcc option to produce PIC
configure:7670: result: -fPIC
configure:7678: checking if gcc PIC flag -fPIC works
configure:7696: gcc -c -g -O2  -fPIC -DPIC conftest.c >&5
configure:7700: $? = 0
configure:7711: result: yes
configure:7735: checking if gcc supports -c -o file.o
configure:7756: gcc -c -g -O2  -o out/conftest2.o conftest.c >&5
configure:7760: $? = 0
configure:7780: result: yes
configure:7806: checking whether the gcc linker (/usr/x86_64-suse-linux/bin/ld -m elf_x86_64) supports shared libraries
configure:8651: result: yes
configure:8677: checking whether -lc should be explicitly linked in
configure:8682: gcc -c -g -O2  conftest.c >&5
configure:8685: $? = 0
configure:8699: gcc -shared conftest.o  -v -Wl,-soname -Wl,conftest -o conftest 2\>\&1 \| grep  -lc  \>/dev/null 2\>\&1
configure:8702: $? = 0
configure:8714: result: no
configure:8722: checking dynamic linker characteristics
configure:9133: gcc -c -g -O2  conftest.c >&5
configure:9136: $? = 0
configure:9317: result: GNU/Linux ld.so
configure:9321: checking how to hardcode library paths into programs
configure:9346: result: immediate
configure:9360: checking whether stripping libraries is possible
configure:9365: result: yes
configure:10162: checking if libtool supports shared libraries
configure:10164: result: yes
configure:10167: checking whether to build shared libraries
configure:10188: result: yes
configure:10191: checking whether to build static libraries
configure:10195: result: yes
configure:10287: creating libtool
configure:10836: checking for ld used by g++
configure:10903: result: /usr/x86_64-suse-linux/bin/ld -m elf_x86_64
configure:10912: checking if the linker (/usr/x86_64-suse-linux/bin/ld -m elf_x86_64) is GNU ld
configure:10927: result: yes
configure:10978: checking whether the g++ linker (/usr/x86_64-suse-linux/bin/ld -m elf_x86_64) supports shared libraries
configure:11841: result: yes
configure:11859: g++ -c -g -O2  conftest.cc >&5
configure:11862: $? = 0
configure:11958: checking for g++ option to produce PIC
configure:12220: result: -fPIC
configure:12228: checking if g++ PIC flag -fPIC works
configure:12246: g++ -c -g -O2  -fPIC -DPIC conftest.cc >&5
configure:12250: $? = 0
configure:12261: result: yes
configure:12285: checking if g++ supports -c -o file.o
configure:12306: g++ -c -g -O2  -o out/conftest2.o conftest.cc >&5
configure:12310: $? = 0
configure:12330: result: yes
configure:12356: checking whether the g++ linker (/usr/x86_64-suse-linux/bin/ld -m elf_x86_64) supports shared libraries
configure:12381: result: yes
configure:12452: checking dynamic linker characteristics
configure:12863: g++ -c -g -O2  conftest.cc >&5
configure:12866: $? = 0
configure:13047: result: GNU/Linux ld.so
configure:13051: checking how to hardcode library paths into programs
configure:13076: result: immediate
configure:13090: checking whether stripping libraries is possible
configure:13095: result: yes
configure:20386: checking whether make sets $(MAKE)
configure:20407: result: yes
configure:20435: checking for a BSD-compatible install
configure:20491: result: /usr/bin/install -c
configure:20503: checking for ANSI C header files
configure:20667: result: yes
configure:20791: checking GL/gl.h usability
configure:20808: g++ -c -g -O2 -Wall -Wno-unused -DGUICHAN_BUILD  conftest.cpp >&5
configure:20814: $? = 0
configure:20828: result: yes
configure:20832: checking GL/gl.h presence
configure:20847: g++ -E  conftest.cpp
configure:20853: $? = 0
configure:20867: result: yes
configure:20900: checking for GL/gl.h
configure:20908: result: yes
configure:20921: checking for glBegin in -lGL
configure:20956: g++ -o conftest -g -O2 -Wall -Wno-unused -DGUICHAN_BUILD   conftest.cpp -lGL   >&5
configure:20962: $? = 0
configure:20980: result: yes
configure:21025: checking SDL/SDL_image.h usability
configure:21042: g++ -c -g -O2 -Wall -Wno-unused -DGUICHAN_BUILD  conftest.cpp >&5
conftest.cpp:56:27: error: SDL/SDL_image.h: No such file or directory
configure:21048: $? = 1
configure: failed program was:
| /* confdefs.h.  */
| #define PACKAGE_NAME "guichan"
| #define PACKAGE_TARNAME "guichan"
| #define PACKAGE_VERSION "0.8.1"
| #define PACKAGE_STRING "guichan 0.8.1"
| #define PACKAGE_BUGREPORT "olof.naessen@gmail.com"
| #define PACKAGE "guichan"
| #define VERSION "0.8.1"
| #define STDC_HEADERS 1
| #define HAVE_SYS_TYPES_H 1
| #define HAVE_SYS_STAT_H 1
| #define HAVE_STDLIB_H 1
| #define HAVE_STRING_H 1
| #define HAVE_MEMORY_H 1
| #define HAVE_STRINGS_H 1
| #define HAVE_INTTYPES_H 1
| #define HAVE_STDINT_H 1
| #define HAVE_UNISTD_H 1
| #define HAVE_DLFCN_H 1
| #define STDC_HEADERS 1
| #define HAVE_GL_GL_H 1
| /* end confdefs.h.  */
| #include <stdio.h>
| #ifdef HAVE_SYS_TYPES_H
| # include <sys/types.h>
| #endif
| #ifdef HAVE_SYS_STAT_H
| # include <sys/stat.h>
| #endif
| #ifdef STDC_HEADERS
| # include <stdlib.h>
| # include <stddef.h>
| #else
| # ifdef HAVE_STDLIB_H
| #  include <stdlib.h>
| # endif
| #endif
| #ifdef HAVE_STRING_H
| # if !defined STDC_HEADERS && defined HAVE_MEMORY_H
| #  include <memory.h>
| # endif
| # include <string.h>
| #endif
| #ifdef HAVE_STRINGS_H
| # include <strings.h>
| #endif
| #ifdef HAVE_INTTYPES_H
| # include <inttypes.h>
| #endif
| #ifdef HAVE_STDINT_H
| # include <stdint.h>
| #endif
| #ifdef HAVE_UNISTD_H
| # include <unistd.h>
| #endif
| #include <SDL/SDL_image.h>
configure:21062: result: no
configure:21066: checking SDL/SDL_image.h presence
configure:21081: g++ -E  conftest.cpp
conftest.cpp:23:27: error: SDL/SDL_image.h: No such file or directory
configure:21087: $? = 1
configure: failed program was:
| /* confdefs.h.  */
| #define PACKAGE_NAME "guichan"
| #define PACKAGE_TARNAME "guichan"
| #define PACKAGE_VERSION "0.8.1"
| #define PACKAGE_STRING "guichan 0.8.1"
| #define PACKAGE_BUGREPORT "olof.naessen@gmail.com"
| #define PACKAGE "guichan"
| #define VERSION "0.8.1"
| #define STDC_HEADERS 1
| #define HAVE_SYS_TYPES_H 1
| #define HAVE_SYS_STAT_H 1
| #define HAVE_STDLIB_H 1
| #define HAVE_STRING_H 1
| #define HAVE_MEMORY_H 1
| #define HAVE_STRINGS_H 1
| #define HAVE_INTTYPES_H 1
| #define HAVE_STDINT_H 1
| #define HAVE_UNISTD_H 1
| #define HAVE_DLFCN_H 1
| #define STDC_HEADERS 1
| #define HAVE_GL_GL_H 1
| /* end confdefs.h.  */
| #include <SDL/SDL_image.h>
configure:21101: result: no
configure:21134: checking for SDL/SDL_image.h
configure:21142: result: no
configure:21155: checking for IMG_Load in -lSDL_image
configure:21190: g++ -o conftest -g -O2 -Wall -Wno-unused -DGUICHAN_BUILD   conftest.cpp -lSDL_image   >&5
/usr/lib64/gcc/x86_64-suse-linux/4.3/../../../../x86_64-suse-linux/bin/ld: cannot find -lSDL_image
collect2: ld returned 1 exit status
configure:21196: $? = 1
configure: failed program was:
| /* confdefs.h.  */
| #define PACKAGE_NAME "guichan"
| #define PACKAGE_TARNAME "guichan"
| #define PACKAGE_VERSION "0.8.1"
| #define PACKAGE_STRING "guichan 0.8.1"
| #define PACKAGE_BUGREPORT "olof.naessen@gmail.com"
| #define PACKAGE "guichan"
| #define VERSION "0.8.1"
| #define STDC_HEADERS 1
| #define HAVE_SYS_TYPES_H 1
| #define HAVE_SYS_STAT_H 1
| #define HAVE_STDLIB_H 1
| #define HAVE_STRING_H 1
| #define HAVE_MEMORY_H 1
| #define HAVE_STRINGS_H 1
| #define HAVE_INTTYPES_H 1
| #define HAVE_STDINT_H 1
| #define HAVE_UNISTD_H 1
| #define HAVE_DLFCN_H 1
| #define STDC_HEADERS 1
| #define HAVE_GL_GL_H 1
| /* end confdefs.h.  */
| 
| /* Override any GCC internal prototype to avoid an error.
|    Use char because int might match the return type of a GCC
|    builtin and then its argument prototype would still apply.  */
| #ifdef __cplusplus
| extern "C"
| #endif
| char IMG_Load ();
| int
| main ()
| {
| return IMG_Load ();
|   ;
|   return 0;
| }
configure:21214: result: no
configure:20708: WARNING: SDL_image support skipped when SDL_image not found.
configure:21258: checking allegro.h usability
configure:21275: g++ -c -g -O2 -Wall -Wno-unused -DGUICHAN_BUILD  conftest.cpp >&5
conftest.cpp:56:21: error: allegro.h: No such file or directory
configure:21281: $? = 1
configure: failed program was:
| /* confdefs.h.  */
| #define PACKAGE_NAME "guichan"
| #define PACKAGE_TARNAME "guichan"
| #define PACKAGE_VERSION "0.8.1"
| #define PACKAGE_STRING "guichan 0.8.1"
| #define PACKAGE_BUGREPORT "olof.naessen@gmail.com"
| #define PACKAGE "guichan"
| #define VERSION "0.8.1"
| #define STDC_HEADERS 1
| #define HAVE_SYS_TYPES_H 1
| #define HAVE_SYS_STAT_H 1
| #define HAVE_STDLIB_H 1
| #define HAVE_STRING_H 1
| #define HAVE_MEMORY_H 1
| #define HAVE_STRINGS_H 1
| #define HAVE_INTTYPES_H 1
| #define HAVE_STDINT_H 1
| #define HAVE_UNISTD_H 1
| #define HAVE_DLFCN_H 1
| #define STDC_HEADERS 1
| #define HAVE_GL_GL_H 1
| /* end confdefs.h.  */
| #include <stdio.h>
| #ifdef HAVE_SYS_TYPES_H
| # include <sys/types.h>
| #endif
| #ifdef HAVE_SYS_STAT_H
| # include <sys/stat.h>
| #endif
| #ifdef STDC_HEADERS
| # include <stdlib.h>
| # include <stddef.h>
| #else
| # ifdef HAVE_STDLIB_H
| #  include <stdlib.h>
| # endif
| #endif
| #ifdef HAVE_STRING_H
| # if !defined STDC_HEADERS && defined HAVE_MEMORY_H
| #  include <memory.h>
| # endif
| # include <string.h>
| #endif
| #ifdef HAVE_STRINGS_H
| # include <strings.h>
| #endif
| #ifdef HAVE_INTTYPES_H
| # include <inttypes.h>
| #endif
| #ifdef HAVE_STDINT_H
| # include <stdint.h>
| #endif
| #ifdef HAVE_UNISTD_H
| # include <unistd.h>
| #endif
| #include <allegro.h>
configure:21295: result: no
configure:21299: checking allegro.h presence
configure:21314: g++ -E  conftest.cpp
conftest.cpp:23:21: error: allegro.h: No such file or directory
configure:21320: $? = 1
configure: failed program was:
| /* confdefs.h.  */
| #define PACKAGE_NAME "guichan"
| #define PACKAGE_TARNAME "guichan"
| #define PACKAGE_VERSION "0.8.1"
| #define PACKAGE_STRING "guichan 0.8.1"
| #define PACKAGE_BUGREPORT "olof.naessen@gmail.com"
| #define PACKAGE "guichan"
| #define VERSION "0.8.1"
| #define STDC_HEADERS 1
| #define HAVE_SYS_TYPES_H 1
| #define HAVE_SYS_STAT_H 1
| #define HAVE_STDLIB_H 1
| #define HAVE_STRING_H 1
| #define HAVE_MEMORY_H 1
| #define HAVE_STRINGS_H 1
| #define HAVE_INTTYPES_H 1
| #define HAVE_STDINT_H 1
| #define HAVE_UNISTD_H 1
| #define HAVE_DLFCN_H 1
| #define STDC_HEADERS 1
| #define HAVE_GL_GL_H 1
| /* end confdefs.h.  */
| #include <allegro.h>
configure:21334: result: no
configure:21367: checking for allegro.h
configure:21375: result: no
configure:21390: checking for allegro-config
configure:21420: result: no
configure:20741: WARNING: Allegro support skipped when Allegro not found.
configure:21466: checking SDL/SDL.h usability
configure:21483: g++ -c -g -O2 -Wall -Wno-unused -DGUICHAN_BUILD  conftest.cpp >&5
configure:21489: $? = 0
configure:21503: result: yes
configure:21507: checking SDL/SDL.h presence
configure:21522: g++ -E  conftest.cpp
configure:21528: $? = 0
configure:21542: result: yes
configure:21575: checking for SDL/SDL.h
configure:21583: result: yes
configure:21598: checking for sdl-config
configure:21614: found /usr/bin/sdl-config
configure:21625: result: yes
configure:21647: WARNING: SDL support skipped when SDL_image not found.
configure:21783: creating ./config.status

## ---------------------- ##
## Running config.status. ##
## ---------------------- ##

This file was extended by guichan config.status 0.8.1, which was
generated by GNU Autoconf 2.61.  Invocation command line was

  CONFIG_FILES    = 
  CONFIG_HEADERS  = 
  CONFIG_LINKS    = 
  CONFIG_COMMANDS = 
  $ ./config.status 

on linux-wk2q

config.status:707: creating Makefile
config.status:707: creating examples/Makefile
config.status:707: creating include/Makefile
config.status:707: creating include/guichan/Makefile
config.status:707: creating include/guichan/allegro/Makefile
config.status:707: creating include/guichan/contrib/Makefile
config.status:707: creating include/guichan/contrib/allegro/Makefile
config.status:707: creating include/guichan/contrib/opengl/Makefile
config.status:707: creating include/guichan/contrib/sdl/Makefile
config.status:707: creating include/guichan/contrib/widgets/Makefile
config.status:707: creating include/guichan/hge/Makefile
config.status:707: creating include/guichan/opengl/Makefile
config.status:707: creating include/guichan/openlayer/Makefile
config.status:707: creating include/guichan/sdl/Makefile
config.status:707: creating include/guichan/widgets/Makefile
config.status:707: creating src/Makefile
config.status:707: creating src/allegro/Makefile
config.status:707: creating src/contrib/Makefile
config.status:707: creating src/contrib/allegro/Makefile
config.status:707: creating src/contrib/opengl/Makefile
config.status:707: creating src/contrib/sdl/Makefile
config.status:707: creating src/contrib/widgets/Makefile
config.status:707: creating src/hge/Makefile
config.status:707: creating src/opengl/Makefile
config.status:707: creating src/openlayer/Makefile
config.status:707: creating src/sdl/Makefile
config.status:707: creating src/widgets/Makefile
config.status:707: creating include/config.hpp
config.status:983: executing depfiles commands

## ---------------- ##
## Cache variables. ##
## ---------------- ##

ac_cv_build=x86_64-unknown-linux-gnu
ac_cv_c_compiler_gnu=yes
ac_cv_cxx_compiler_gnu=yes
ac_cv_env_CCC_set=
ac_cv_env_CCC_value=
ac_cv_env_CC_set=
ac_cv_env_CC_value=
ac_cv_env_CFLAGS_set=
ac_cv_env_CFLAGS_value=
ac_cv_env_CPPFLAGS_set=
ac_cv_env_CPPFLAGS_value=
ac_cv_env_CPP_set=
ac_cv_env_CPP_value=
ac_cv_env_CXXCPP_set=
ac_cv_env_CXXCPP_value=
ac_cv_env_CXXFLAGS_set=
ac_cv_env_CXXFLAGS_value=
ac_cv_env_CXX_set=
ac_cv_env_CXX_value=
ac_cv_env_F77_set=
ac_cv_env_F77_value=
ac_cv_env_FFLAGS_set=
ac_cv_env_FFLAGS_value=
ac_cv_env_LDFLAGS_set=
ac_cv_env_LDFLAGS_value=
ac_cv_env_LIBS_set=
ac_cv_env_LIBS_value=
ac_cv_env_build_alias_set=
ac_cv_env_build_alias_value=
ac_cv_env_host_alias_set=
ac_cv_env_host_alias_value=
ac_cv_env_target_alias_set=
ac_cv_env_target_alias_value=
ac_cv_f77_compiler_gnu=no
ac_cv_header_GL_gl_h=yes
ac_cv_header_SDL_SDL_h=yes
ac_cv_header_SDL_SDL_image_h=no
ac_cv_header_allegro_h=no
ac_cv_header_dlfcn_h=yes
ac_cv_header_inttypes_h=yes
ac_cv_header_memory_h=yes
ac_cv_header_stdc=yes
ac_cv_header_stdint_h=yes
ac_cv_header_stdlib_h=yes
ac_cv_header_string_h=yes
ac_cv_header_strings_h=yes
ac_cv_header_sys_stat_h=yes
ac_cv_header_sys_types_h=yes
ac_cv_header_unistd_h=yes
ac_cv_host=x86_64-unknown-linux-gnu
ac_cv_lib_GL_glBegin=yes
ac_cv_lib_SDL_image_IMG_Load=no
ac_cv_objext=o
ac_cv_path_EGREP='/usr/bin/grep -E'
ac_cv_path_GREP=/usr/bin/grep
ac_cv_path_install='/usr/bin/install -c'
ac_cv_path_mkdir=/bin/mkdir
ac_cv_prog_AWK=gawk
ac_cv_prog_CPP='gcc -E'
ac_cv_prog_CXXCPP='g++ -E'
ac_cv_prog_HAVE_SDL=yes
ac_cv_prog_ac_ct_AR=ar
ac_cv_prog_ac_ct_CC=gcc
ac_cv_prog_ac_ct_CXX=g++
ac_cv_prog_ac_ct_RANLIB=ranlib
ac_cv_prog_ac_ct_STRIP=strip
ac_cv_prog_cc_c89=
ac_cv_prog_cc_g=yes
ac_cv_prog_cxx_g=yes
ac_cv_prog_f77_g=no
ac_cv_prog_make_make_set=yes
ac_cv_target=x86_64-unknown-linux-gnu
am_cv_CC_dependencies_compiler_type=gcc3
am_cv_CXX_dependencies_compiler_type=gcc3
lt_cv_deplibs_check_method=pass_all
lt_cv_file_magic_cmd='$MAGIC_CMD'
lt_cv_file_magic_test_file=
lt_cv_ld_reload_flag=-r
lt_cv_objdir=.libs
lt_cv_path_LD=/usr/x86_64-suse-linux/bin/ld
lt_cv_path_LDCXX='/usr/x86_64-suse-linux/bin/ld -m elf_x86_64'
lt_cv_path_NM='/usr/bin/nm -B'
lt_cv_path_SED=/usr/bin/sed
lt_cv_prog_compiler_c_o=yes
lt_cv_prog_compiler_c_o_CXX=yes
lt_cv_prog_compiler_rtti_exceptions=no
lt_cv_prog_gnu_ld=yes
lt_cv_prog_gnu_ldcxx=yes
lt_cv_sys_global_symbol_pipe='sed -n -e '\''s/^.*[ 	]\([ABCDGIRSTW][ABCDGIRSTW]*\)[ 	][ 	]*\(\)\([_A-Za-z][_A-Za-z0-9]*\)$/\1 \2\3 \3/p'\'''
lt_cv_sys_global_symbol_to_c_name_address='sed -n -e '\''s/^: \([^ ]*\) $/  {\"\1\", (lt_ptr) 0},/p'\'' -e '\''s/^[BCDEGRST] \([^ ]*\) \([^ ]*\)$/  {"\2", (lt_ptr) \&\2},/p'\'''
lt_cv_sys_global_symbol_to_cdecl='sed -n -e '\''s/^. .* \(.*\)$/extern int \1;/p'\'''
lt_cv_sys_max_cmd_len=32768
lt_lt_cv_prog_compiler_c_o='"yes"'
lt_lt_cv_prog_compiler_c_o_CXX='"yes"'
lt_lt_cv_sys_global_symbol_pipe='"sed -n -e '\''s/^.*[ 	]\\([ABCDGIRSTW][ABCDGIRSTW]*\\)[ 	][ 	]*\\(\\)\\([_A-Za-z][_A-Za-z0-9]*\\)\$/\\1 \\2\\3 \\3/p'\''"'
lt_lt_cv_sys_global_symbol_to_c_name_address='"sed -n -e '\''s/^: \\([^ ]*\\) \$/  {\\\"\\1\\\", (lt_ptr) 0},/p'\'' -e '\''s/^[BCDEGRST] \\([^ ]*\\) \\([^ ]*\\)\$/  {\"\\2\", (lt_ptr) \\&\\2},/p'\''"'
lt_lt_cv_sys_global_symbol_to_cdecl='"sed -n -e '\''s/^. .* \\(.*\\)\$/extern int \\1;/p'\''"'

## ----------------- ##
## Output variables. ##
## ----------------- ##

ACLOCAL='${SHELL} /home/unit41/Desktop/guichan-0.8.1/missing --run aclocal-1.10'
AMDEPBACKSLASH='\'
AMDEP_FALSE='#'
AMDEP_TRUE=''
AMTAR='${SHELL} /home/unit41/Desktop/guichan-0.8.1/missing --run tar'
AR='ar'
AS='as'
AUTOCONF='${SHELL} /home/unit41/Desktop/guichan-0.8.1/missing --run autoconf'
AUTOHEADER='${SHELL} /home/unit41/Desktop/guichan-0.8.1/missing --run autoheader'
AUTOMAKE='${SHELL} /home/unit41/Desktop/guichan-0.8.1/missing --run automake-1.10'
AWK='gawk'
CC='gcc'
CCDEPMODE='depmode=gcc3'
CFLAGS='-g -O2'
CPP='gcc -E'
CPPFLAGS=''
CXX='g++'
CXXCPP='g++ -E'
CXXDEPMODE='depmode=gcc3'
CXXFLAGS='-g -O2 -Wall -Wno-unused -DGUICHAN_BUILD'
CYGPATH_W='echo'
DEFS='-DHAVE_CONFIG_H'
DEPDIR='.deps'
DLLTOOL='dlltool'
ECHO='echo'
ECHO_C=''
ECHO_N='-n'
ECHO_T=''
EGREP='/usr/bin/grep -E'
EXEEXT=''
F77=''
FFLAGS=''
GREP='/usr/bin/grep'
GUICHAN_BINARY_AGE='0'
GUICHAN_EXTRADIRS=' opengl'
GUICHAN_INTERFACE_AGE='0'
GUICHAN_MAJOR_VERSION='0'
GUICHAN_MICRO_VERSION='1'
GUICHAN_MINOR_VERSION='8'
GUICHAN_VERSION='0.8.1'
HAVE_ALLEGRO=''
HAVE_SDL='yes'
INSTALL_DATA='${INSTALL} -m 644'
INSTALL_PROGRAM='${INSTALL}'
INSTALL_SCRIPT='${INSTALL}'
INSTALL_STRIP_PROGRAM='$(install_sh) -c -s'
LDFLAGS=''
LIBOBJS=''
LIBS=''
LIBTOOL='$(SHELL) $(top_builddir)/libtool'
LN_S='ln -s'
LTLIBOBJS=''
LT_AGE='0'
LT_CURRENT='1'
LT_RELEASE='0.8.1'
LT_REVISION='0'
MAKEINFO='${SHELL} /home/unit41/Desktop/guichan-0.8.1/missing --run makeinfo'
OBJDUMP='objdump'
OBJEXT='o'
PACKAGE='guichan'
PACKAGE_BUGREPORT='olof.naessen@gmail.com'
PACKAGE_NAME='guichan'
PACKAGE_STRING='guichan 0.8.1'
PACKAGE_TARNAME='guichan'
PACKAGE_VERSION='0.8.1'
PATH_SEPARATOR=':'
RANLIB='ranlib'
SET_MAKE=''
SHELL='/bin/sh'
STRIP='strip'
VERSION='0.8.1'
ac_ct_CC='gcc'
ac_ct_CXX='g++'
ac_ct_F77=''
am__fastdepCC_FALSE='#'
am__fastdepCC_TRUE=''
am__fastdepCXX_FALSE='#'
am__fastdepCXX_TRUE=''
am__include='include'
am__isrc=''
am__leading_dot='.'
am__quote=''
am__tar='${AMTAR} chof - "$$tardir"'
am__untar='${AMTAR} xf -'
bindir='${exec_prefix}/bin'
build='x86_64-unknown-linux-gnu'
build_alias=''
build_cpu='x86_64'
build_os='linux-gnu'
build_vendor='unknown'
datadir='${datarootdir}'
datarootdir='${prefix}/share'
docdir='${datarootdir}/doc/${PACKAGE_TARNAME}'
dvidir='${docdir}'
exec_prefix='${prefix}'
host='x86_64-unknown-linux-gnu'
host_alias=''
host_cpu='x86_64'
host_os='linux-gnu'
host_vendor='unknown'
htmldir='${docdir}'
includedir='${prefix}/include'
infodir='${datarootdir}/info'
install_sh='$(SHELL) /home/unit41/Desktop/guichan-0.8.1/install-sh'
libdir='${exec_prefix}/lib'
libexecdir='${exec_prefix}/libexec'
localedir='${datarootdir}/locale'
localstatedir='${prefix}/var'
mandir='${datarootdir}/man'
mkdir_p='/bin/mkdir -p'
oldincludedir='/usr/include'
pdfdir='${docdir}'
prefix='/usr/local'
program_transform_name='s,x,x,'
psdir='${docdir}'
sbindir='${exec_prefix}/sbin'
sharedstatedir='${prefix}/com'
sysconfdir='${prefix}/etc'
target='x86_64-unknown-linux-gnu'
target_alias=''
target_cpu='x86_64'
target_os='linux-gnu'
target_vendor='unknown'

## ----------- ##
## confdefs.h. ##
## ----------- ##

#define PACKAGE_NAME "guichan"
#define PACKAGE_TARNAME "guichan"
#define PACKAGE_VERSION "0.8.1"
#define PACKAGE_STRING "guichan 0.8.1"
#define PACKAGE_BUGREPORT "olof.naessen@gmail.com"
#define PACKAGE "guichan"
#define VERSION "0.8.1"
#define STDC_HEADERS 1
#define HAVE_SYS_TYPES_H 1
#define HAVE_SYS_STAT_H 1
#define HAVE_STDLIB_H 1
#define HAVE_STRING_H 1
#define HAVE_MEMORY_H 1
#define HAVE_STRINGS_H 1
#define HAVE_INTTYPES_H 1
#define HAVE_STDINT_H 1
#define HAVE_UNISTD_H 1
#define HAVE_DLFCN_H 1
#define STDC_HEADERS 1
#define HAVE_GL_GL_H 1
#define HAVE_SDL_SDL_H 1

configure: exit 0
