This file contains any messages produced by compilers while
running configure, to aid debugging if configure makes a mistake.

It was created by libenet configure 1-8-2008, which was
generated by GNU Autoconf 2.61.  Invocation command line was

  $ ./configure 

## --------- ##
## Platform. ##
## --------- ##

hostname = linux-wk2q
uname -m = x86_64
uname -r = 2.6.25.11-0.1-default
uname -s = Linux
uname -v = #1 SMP 2008-07-13 20:48:28 +0200

/usr/bin/uname -p = unknown
/bin/uname -X     = unknown

/bin/arch              = x86_64
/usr/bin/arch -k       = unknown
/usr/convex/getsysinfo = unknown
/usr/bin/hostinfo      = unknown
/bin/machine           = unknown
/usr/bin/oslevel       = unknown
/bin/universe          = unknown

PATH: /home/unit41/bin
PATH: /usr/local/bin
PATH: /usr/bin
PATH: /bin
PATH: /usr/bin/X11
PATH: /usr/X11R6/bin
PATH: /usr/games
PATH: /opt/kde3/bin
PATH: /usr/lib64/jvm/jre/bin
PATH: /usr/lib/mit/bin
PATH: /usr/lib/mit/sbin


## ----------- ##
## Core tests. ##
## ----------- ##

configure:1733: checking for a BSD-compatible install
configure:1789: result: /usr/bin/install -c
configure:1800: checking whether build environment is sane
configure:1843: result: yes
configure:1908: checking for gawk
configure:1924: found /usr/bin/gawk
configure:1935: result: gawk
configure:1946: checking whether make sets $(MAKE)
configure:1967: result: yes
configure:2200: checking for gcc
configure:2216: found /usr/bin/gcc
configure:2227: result: gcc
configure:2465: checking for C compiler version
configure:2472: gcc --version >&5
gcc (SUSE Linux) 4.3.1 20080507 (prerelease) [gcc-4_3-branch revision 135036]
Copyright (C) 2008 Free Software Foundation, Inc.
This is free software; see the source for copying conditions.  There is NO
warranty; not even for MERCHANTABILITY or FITNESS FOR A PARTICULAR PURPOSE.

configure:2475: $? = 0
configure:2482: gcc -v >&5
Using built-in specs.
Target: x86_64-suse-linux
Configured with: ../configure --prefix=/usr --with-local-prefix=/usr/local --infodir=/usr/share/info --mandir=/usr/share/man --libdir=/usr/lib64 --libexecdir=/usr/lib64 --enable-languages=c,c++,objc,fortran,obj-c++,java,ada --enable-checking=release --with-gxx-include-dir=/usr/include/c++/4.3 --enable-ssp --disable-libssp --with-bugurl=http://bugs.opensuse.org/ --with-pkgversion='SUSE Linux' --disable-libgcj --with-slibdir=/lib64 --with-system-zlib --enable-__cxa_atexit --enable-libstdcxx-allocator=new --disable-libstdcxx-pch --program-suffix=-4.3 --enable-version-specific-runtime-libs --enable-linux-futex --without-system-libunwind --with-cpu=generic --build=x86_64-suse-linux
Thread model: posix
gcc version 4.3.1 20080507 (prerelease) [gcc-4_3-branch revision 135036] (SUSE Linux) 
configure:2485: $? = 0
configure:2492: gcc -V >&5
gcc: '-V' option must have argument
configure:2495: $? = 1
configure:2518: checking for C compiler default output file name
configure:2545: gcc    conftest.c  >&5
configure:2548: $? = 0
configure:2586: result: a.out
configure:2603: checking whether the C compiler works
configure:2613: ./a.out
configure:2616: $? = 0
configure:2633: result: yes
configure:2640: checking whether we are cross compiling
configure:2642: result: no
configure:2645: checking for suffix of executables
configure:2652: gcc -o conftest    conftest.c  >&5
configure:2655: $? = 0
configure:2679: result: 
configure:2685: checking for suffix of object files
configure:2711: gcc -c   conftest.c >&5
configure:2714: $? = 0
configure:2737: result: o
configure:2741: checking whether we are using the GNU C compiler
configure:2770: gcc -c   conftest.c >&5
configure:2776: $? = 0
configure:2793: result: yes
configure:2798: checking whether gcc accepts -g
configure:2828: gcc -c -g  conftest.c >&5
configure:2834: $? = 0
configure:2933: result: yes
configure:2950: checking for gcc option to accept ISO C89
configure:3024: gcc  -c -g -O2  conftest.c >&5
configure:3030: $? = 0
configure:3053: result: none needed
configure:3082: checking for style of include used by make
configure:3110: result: GNU
configure:3138: checking dependency style of gcc
configure:3228: result: gcc3
configure:3288: checking for ranlib
configure:3304: found /usr/bin/ranlib
configure:3315: result: ranlib
configure:3343: checking for gethostbyaddr_r
configure:3399: gcc -o conftest -g -O2   conftest.c  >&5
configure:3405: $? = 0
configure:3422: result: yes
configure:3431: checking for gethostbyname_r
configure:3487: gcc -o conftest -g -O2   conftest.c  >&5
configure:3493: $? = 0
configure:3510: result: yes
configure:3519: checking for poll
configure:3575: gcc -o conftest -g -O2   conftest.c  >&5
configure:3581: $? = 0
configure:3598: result: yes
configure:3607: checking for fcntl
configure:3663: gcc -o conftest -g -O2   conftest.c  >&5
configure:3669: $? = 0
configure:3686: result: yes
configure:3695: checking for inet_pton
configure:3751: gcc -o conftest -g -O2   conftest.c  >&5
configure:3757: $? = 0
configure:3774: result: yes
configure:3783: checking for inet_ntop
configure:3839: gcc -o conftest -g -O2   conftest.c  >&5
configure:3845: $? = 0
configure:3862: result: yes
configure:3872: checking for struct msghdr.msg_flags
configure:3901: gcc -c -g -O2  conftest.c >&5
configure:3907: $? = 0
configure:3965: result: yes
configure:3975: checking for socklen_t
configure:4008: gcc -c -g -O2  conftest.c >&5
configure:4014: $? = 0
configure:4029: result: yes
configure:4044: checking how to run the C preprocessor
configure:4084: gcc -E  conftest.c
configure:4090: $? = 0
configure:4121: gcc -E  conftest.c
conftest.c:18:28: error: ac_nonexistent.h: No such file or directory
configure:4127: $? = 1
configure: failed program was:
| /* confdefs.h.  */
| #define PACKAGE_NAME "libenet"
| #define PACKAGE_TARNAME "libenet"
| #define PACKAGE_VERSION "1-8-2008"
| #define PACKAGE_STRING "libenet 1-8-2008"
| #define PACKAGE_BUGREPORT ""
| #define PACKAGE "libenet.a"
| #define VERSION "1-8-2008"
| #define HAS_GETHOSTBYADDR_R 1
| #define HAS_GETHOSTBYNAME_R 1
| #define HAS_POLL 1
| #define HAS_FCNTL 1
| #define HAS_INET_PTON 1
| #define HAS_INET_NTOP 1
| #define HAS_MSGHDR_FLAGS 1
| #define HAS_SOCKLEN_T 1
| /* end confdefs.h.  */
| #include <ac_nonexistent.h>
configure:4160: result: gcc -E
configure:4189: gcc -E  conftest.c
configure:4195: $? = 0
configure:4226: gcc -E  conftest.c
conftest.c:18:28: error: ac_nonexistent.h: No such file or directory
configure:4232: $? = 1
configure: failed program was:
| /* confdefs.h.  */
| #define PACKAGE_NAME "libenet"
| #define PACKAGE_TARNAME "libenet"
| #define PACKAGE_VERSION "1-8-2008"
| #define PACKAGE_STRING "libenet 1-8-2008"
| #define PACKAGE_BUGREPORT ""
| #define PACKAGE "libenet.a"
| #define VERSION "1-8-2008"
| #define HAS_GETHOSTBYADDR_R 1
| #define HAS_GETHOSTBYNAME_R 1
| #define HAS_POLL 1
| #define HAS_FCNTL 1
| #define HAS_INET_PTON 1
| #define HAS_INET_NTOP 1
| #define HAS_MSGHDR_FLAGS 1
| #define HAS_SOCKLEN_T 1
| /* end confdefs.h.  */
| #include <ac_nonexistent.h>
configure:4270: checking for grep that handles long lines and -e
configure:4344: result: /usr/bin/grep
configure:4349: checking for egrep
configure:4427: result: /usr/bin/grep -E
conftest.c:18:20: error: socket.h: No such file or directory
configure:4469: checking whether to use CRC32
configure:4485: result: no
configure:4636: creating ./config.status

## ---------------------- ##
## Running config.status. ##
## ---------------------- ##

This file was extended by libenet config.status 1-8-2008, which was
generated by GNU Autoconf 2.61.  Invocation command line was

  CONFIG_FILES    = 
  CONFIG_HEADERS  = 
  CONFIG_LINKS    = 
  CONFIG_COMMANDS = 
  $ ./config.status 

on linux-wk2q

config.status:619: creating Makefile
config.status:619: creating include/Makefile
config.status:619: creating include/enet/Makefile
config.status:804: executing depfiles commands

## ---------------- ##
## Cache variables. ##
## ---------------- ##

ac_cv_c_compiler_gnu=yes
ac_cv_env_CC_set=
ac_cv_env_CC_value=
ac_cv_env_CFLAGS_set=
ac_cv_env_CFLAGS_value=
ac_cv_env_CPPFLAGS_set=
ac_cv_env_CPPFLAGS_value=
ac_cv_env_CPP_set=
ac_cv_env_CPP_value=
ac_cv_env_LDFLAGS_set=
ac_cv_env_LDFLAGS_value=
ac_cv_env_LIBS_set=
ac_cv_env_LIBS_value=
ac_cv_env_build_alias_set=
ac_cv_env_build_alias_value=
ac_cv_env_host_alias_set=
ac_cv_env_host_alias_value=
ac_cv_env_target_alias_set=
ac_cv_env_target_alias_value=
ac_cv_func_fcntl=yes
ac_cv_func_gethostbyaddr_r=yes
ac_cv_func_gethostbyname_r=yes
ac_cv_func_inet_ntop=yes
ac_cv_func_inet_pton=yes
ac_cv_func_poll=yes
ac_cv_member_struct_msghdr_msg_flags=yes
ac_cv_objext=o
ac_cv_path_EGREP='/usr/bin/grep -E'
ac_cv_path_GREP=/usr/bin/grep
ac_cv_path_install='/usr/bin/install -c'
ac_cv_prog_AWK=gawk
ac_cv_prog_CPP='gcc -E'
ac_cv_prog_ac_ct_CC=gcc
ac_cv_prog_ac_ct_RANLIB=ranlib
ac_cv_prog_cc_c89=
ac_cv_prog_cc_g=yes
ac_cv_prog_make_make_set=yes
ac_cv_type_socklen_t=yes
am_cv_CC_dependencies_compiler_type=gcc3

## ----------------- ##
## Output variables. ##
## ----------------- ##

ACLOCAL='${SHELL} /home/Dev/peakengine/lib/enet-1.2/missing --run aclocal-1.9'
AMDEPBACKSLASH='\'
AMDEP_FALSE='#'
AMDEP_TRUE=''
AMTAR='${SHELL} /home/Dev/peakengine/lib/enet-1.2/missing --run tar'
AUTOCONF='${SHELL} /home/Dev/peakengine/lib/enet-1.2/missing --run autoconf'
AUTOHEADER='${SHELL} /home/Dev/peakengine/lib/enet-1.2/missing --run autoheader'
AUTOMAKE='${SHELL} /home/Dev/peakengine/lib/enet-1.2/missing --run automake-1.9'
AWK='gawk'
CC='gcc'
CCDEPMODE='depmode=gcc3'
CFLAGS='-g -O2'
CPP='gcc -E'
CPPFLAGS=''
CYGPATH_W='echo'
DEFS='-DPACKAGE_NAME=\"libenet\" -DPACKAGE_TARNAME=\"libenet\" -DPACKAGE_VERSION=\"1-8-2008\" -DPACKAGE_STRING=\"libenet\ 1-8-2008\" -DPACKAGE_BUGREPORT=\"\" -DPACKAGE=\"libenet.a\" -DVERSION=\"1-8-2008\" -DHAS_GETHOSTBYADDR_R=1 -DHAS_GETHOSTBYNAME_R=1 -DHAS_POLL=1 -DHAS_FCNTL=1 -DHAS_INET_PTON=1 -DHAS_INET_NTOP=1 -DHAS_MSGHDR_FLAGS=1 -DHAS_SOCKLEN_T=1'
DEPDIR='.deps'
ECHO_C=''
ECHO_N='-n'
ECHO_T=''
EGREP='/usr/bin/grep -E'
EXEEXT=''
GREP='/usr/bin/grep'
INSTALL_DATA='${INSTALL} -m 644'
INSTALL_PROGRAM='${INSTALL}'
INSTALL_SCRIPT='${INSTALL}'
INSTALL_STRIP_PROGRAM='${SHELL} $(install_sh) -c -s'
LDFLAGS=''
LIBOBJS=''
LIBS=''
LTLIBOBJS=''
MAKEINFO='${SHELL} /home/Dev/peakengine/lib/enet-1.2/missing --run makeinfo'
OBJEXT='o'
PACKAGE='libenet.a'
PACKAGE_BUGREPORT=''
PACKAGE_NAME='libenet'
PACKAGE_STRING='libenet 1-8-2008'
PACKAGE_TARNAME='libenet'
PACKAGE_VERSION='1-8-2008'
PATH_SEPARATOR=':'
RANLIB='ranlib'
SET_MAKE=''
SHELL='/bin/sh'
STRIP=''
VERSION='1-8-2008'
ac_ct_CC='gcc'
am__fastdepCC_FALSE='#'
am__fastdepCC_TRUE=''
am__include='include'
am__leading_dot='.'
am__quote=''
am__tar='${AMTAR} chof - "$$tardir"'
am__untar='${AMTAR} xf -'
bindir='${exec_prefix}/bin'
build_alias=''
datadir='${datarootdir}'
datarootdir='${prefix}/share'
docdir='${datarootdir}/doc/${PACKAGE_TARNAME}'
dvidir='${docdir}'
exec_prefix='${prefix}'
host_alias=''
htmldir='${docdir}'
includedir='${prefix}/include'
infodir='${datarootdir}/info'
install_sh='/home/Dev/peakengine/lib/enet-1.2/install-sh'
libdir='${exec_prefix}/lib'
libexecdir='${exec_prefix}/libexec'
localedir='${datarootdir}/locale'
localstatedir='${prefix}/var'
mandir='${datarootdir}/man'
mkdir_p='mkdir -p --'
oldincludedir='/usr/include'
pdfdir='${docdir}'
prefix='/usr/local'
program_transform_name='s,x,x,'
psdir='${docdir}'
sbindir='${exec_prefix}/sbin'
sharedstatedir='${prefix}/com'
sysconfdir='${prefix}/etc'
target_alias=''

## ----------- ##
## confdefs.h. ##
## ----------- ##

#define PACKAGE_NAME "libenet"
#define PACKAGE_TARNAME "libenet"
#define PACKAGE_VERSION "1-8-2008"
#define PACKAGE_STRING "libenet 1-8-2008"
#define PACKAGE_BUGREPORT ""
#define PACKAGE "libenet.a"
#define VERSION "1-8-2008"
#define HAS_GETHOSTBYADDR_R 1
#define HAS_GETHOSTBYNAME_R 1
#define HAS_POLL 1
#define HAS_FCNTL 1
#define HAS_INET_PTON 1
#define HAS_INET_NTOP 1
#define HAS_MSGHDR_FLAGS 1
#define HAS_SOCKLEN_T 1

configure: exit 0
