The system is: Linux - 4.5.4-1-default - x86_64
Compiling the C compiler identification source file "CMakeCCompilerId.c" succeeded.
Compiler: /usr/bin/cc 
Build flags: 
Id flags: 

The output was:
0


Compilation of the C compiler identification source "CMakeCCompilerId.c" produced "a.out"

The C compiler identification is GNU, found in "/home/Dev/libs/game/PeakEngines/peakengine-0.0.2/CMakeFiles/3.5.2/CompilerIdC/a.out"

Compiling the CXX compiler identification source file "CMakeCXXCompilerId.cpp" succeeded.
Compiler: /usr/bin/c++ 
Build flags: 
Id flags: 

The output was:
0


Compilation of the CXX compiler identification source "CMakeCXXCompilerId.cpp" produced "a.out"

The CXX compiler identification is GNU, found in "/home/Dev/libs/game/PeakEngines/peakengine-0.0.2/CMakeFiles/3.5.2/CompilerIdCXX/a.out"

Determining if the C compiler works passed with the following output:
Change Dir: /home/Dev/libs/game/PeakEngines/peakengine-0.0.2/CMakeFiles/CMakeTmp

Run Build Command:"/usr/bin/gmake" "cmTC_24354/fast"
/usr/bin/gmake -f CMakeFiles/cmTC_24354.dir/build.make CMakeFiles/cmTC_24354.dir/build
gmake[1]: Entering directory '/home/Dev/libs/game/PeakEngines/peakengine-0.0.2/CMakeFiles/CMakeTmp'
Building C object CMakeFiles/cmTC_24354.dir/testCCompiler.c.o
/usr/bin/cc     -o CMakeFiles/cmTC_24354.dir/testCCompiler.c.o   -c /home/Dev/libs/game/PeakEngines/peakengine-0.0.2/CMakeFiles/CMakeTmp/testCCompiler.c
Linking C executable cmTC_24354
/usr/bin/cmake -E cmake_link_script CMakeFiles/cmTC_24354.dir/link.txt --verbose=1
/usr/bin/cc       CMakeFiles/cmTC_24354.dir/testCCompiler.c.o  -o cmTC_24354 -rdynamic 
gmake[1]: Leaving directory '/home/Dev/libs/game/PeakEngines/peakengine-0.0.2/CMakeFiles/CMakeTmp'


Detecting C compiler ABI info compiled with the following output:
Change Dir: /home/Dev/libs/game/PeakEngines/peakengine-0.0.2/CMakeFiles/CMakeTmp

Run Build Command:"/usr/bin/gmake" "cmTC_be126/fast"
/usr/bin/gmake -f CMakeFiles/cmTC_be126.dir/build.make CMakeFiles/cmTC_be126.dir/build
gmake[1]: Entering directory '/home/Dev/libs/game/PeakEngines/peakengine-0.0.2/CMakeFiles/CMakeTmp'
Building C object CMakeFiles/cmTC_be126.dir/CMakeCCompilerABI.c.o
/usr/bin/cc     -o CMakeFiles/cmTC_be126.dir/CMakeCCompilerABI.c.o   -c /usr/share/cmake/Modules/CMakeCCompilerABI.c
Linking C executable cmTC_be126
/usr/bin/cmake -E cmake_link_script CMakeFiles/cmTC_be126.dir/link.txt --verbose=1
/usr/bin/cc      -v CMakeFiles/cmTC_be126.dir/CMakeCCompilerABI.c.o  -o cmTC_be126 -rdynamic  
Using built-in specs.
COLLECT_GCC=/usr/bin/cc
COLLECT_LTO_WRAPPER=/usr/lib64/gcc/x86_64-suse-linux/5/lto-wrapper
Target: x86_64-suse-linux
Configured with: ../configure --prefix=/usr --infodir=/usr/share/info --mandir=/usr/share/man --libdir=/usr/lib64 --libexecdir=/usr/lib64 --enable-languages=c,c++,objc,fortran,obj-c++,java,ada,go --enable-checking=release --with-gxx-include-dir=/usr/include/c++/5 --enable-ssp --disable-libssp --disable-libvtv --enable-libmpx --disable-plugin --with-bugurl=http://bugs.opensuse.org/ --with-pkgversion='SUSE Linux' --disable-libgcj --with-slibdir=/lib64 --with-system-zlib --enable-__cxa_atexit --enable-libstdcxx-allocator=new --disable-libstdcxx-pch --enable-version-specific-runtime-libs --enable-linker-build-id --enable-linux-futex --program-suffix=-5 --without-system-libunwind --enable-multilib --with-arch-32=x86-64 --with-tune=generic --build=x86_64-suse-linux --host=x86_64-suse-linux
Thread model: posix
gcc version 5.3.1 20160412 [gcc-5-branch revision 234894] (SUSE Linux) 
COMPILER_PATH=/usr/lib64/gcc/x86_64-suse-linux/5/:/usr/lib64/gcc/x86_64-suse-linux/5/:/usr/lib64/gcc/x86_64-suse-linux/:/usr/lib64/gcc/x86_64-suse-linux/5/:/usr/lib64/gcc/x86_64-suse-linux/:/usr/lib64/gcc/x86_64-suse-linux/5/../../../../x86_64-suse-linux/bin/
LIBRARY_PATH=/usr/lib64/gcc/x86_64-suse-linux/5/:/usr/lib64/gcc/x86_64-suse-linux/5/../../../../lib64/:/lib/../lib64/:/usr/lib/../lib64/:/usr/lib64/gcc/x86_64-suse-linux/5/../../../../x86_64-suse-linux/lib/:/usr/lib64/gcc/x86_64-suse-linux/5/../../../:/lib/:/usr/lib/
COLLECT_GCC_OPTIONS='-v' '-o' 'cmTC_be126' '-rdynamic' '-mtune=generic' '-march=x86-64'
 /usr/lib64/gcc/x86_64-suse-linux/5/collect2 -plugin /usr/lib64/gcc/x86_64-suse-linux/5/liblto_plugin.so -plugin-opt=/usr/lib64/gcc/x86_64-suse-linux/5/lto-wrapper -plugin-opt=-fresolution=/tmp/cc2J2KWb.res -plugin-opt=-pass-through=-lgcc -plugin-opt=-pass-through=-lgcc_s -plugin-opt=-pass-through=-lc -plugin-opt=-pass-through=-lgcc -plugin-opt=-pass-through=-lgcc_s --build-id --eh-frame-hdr -m elf_x86_64 -export-dynamic -dynamic-linker /lib64/ld-linux-x86-64.so.2 -o cmTC_be126 /usr/lib64/gcc/x86_64-suse-linux/5/../../../../lib64/crt1.o /usr/lib64/gcc/x86_64-suse-linux/5/../../../../lib64/crti.o /usr/lib64/gcc/x86_64-suse-linux/5/crtbegin.o -L/usr/lib64/gcc/x86_64-suse-linux/5 -L/usr/lib64/gcc/x86_64-suse-linux/5/../../../../lib64 -L/lib/../lib64 -L/usr/lib/../lib64 -L/usr/lib64/gcc/x86_64-suse-linux/5/../../../../x86_64-suse-linux/lib -L/usr/lib64/gcc/x86_64-suse-linux/5/../../.. CMakeFiles/cmTC_be126.dir/CMakeCCompilerABI.c.o -lgcc --as-needed -lgcc_s --no-as-needed -lc -lgcc --as-needed -lgcc_s --no-as-needed /usr/lib64/gcc/x86_64-suse-linux/5/crtend.o /usr/lib64/gcc/x86_64-suse-linux/5/../../../../lib64/crtn.o
gmake[1]: Leaving directory '/home/Dev/libs/game/PeakEngines/peakengine-0.0.2/CMakeFiles/CMakeTmp'


Parsed C implicit link information from above output:
  link line regex: [^( *|.*[/\])(ld|([^/\]+-)?ld|collect2)[^/\]*( |$)]
  ignore line: [Change Dir: /home/Dev/libs/game/PeakEngines/peakengine-0.0.2/CMakeFiles/CMakeTmp]
  ignore line: []
  ignore line: [Run Build Command:"/usr/bin/gmake" "cmTC_be126/fast"]
  ignore line: [/usr/bin/gmake -f CMakeFiles/cmTC_be126.dir/build.make CMakeFiles/cmTC_be126.dir/build]
  ignore line: [gmake[1]: Entering directory '/home/Dev/libs/game/PeakEngines/peakengine-0.0.2/CMakeFiles/CMakeTmp']
  ignore line: [Building C object CMakeFiles/cmTC_be126.dir/CMakeCCompilerABI.c.o]
  ignore line: [/usr/bin/cc     -o CMakeFiles/cmTC_be126.dir/CMakeCCompilerABI.c.o   -c /usr/share/cmake/Modules/CMakeCCompilerABI.c]
  ignore line: [Linking C executable cmTC_be126]
  ignore line: [/usr/bin/cmake -E cmake_link_script CMakeFiles/cmTC_be126.dir/link.txt --verbose=1]
  ignore line: [/usr/bin/cc      -v CMakeFiles/cmTC_be126.dir/CMakeCCompilerABI.c.o  -o cmTC_be126 -rdynamic  ]
  ignore line: [Using built-in specs.]
  ignore line: [COLLECT_GCC=/usr/bin/cc]
  ignore line: [COLLECT_LTO_WRAPPER=/usr/lib64/gcc/x86_64-suse-linux/5/lto-wrapper]
  ignore line: [Target: x86_64-suse-linux]
  ignore line: [Configured with: ../configure --prefix=/usr --infodir=/usr/share/info --mandir=/usr/share/man --libdir=/usr/lib64 --libexecdir=/usr/lib64 --enable-languages=c,c++,objc,fortran,obj-c++,java,ada,go --enable-checking=release --with-gxx-include-dir=/usr/include/c++/5 --enable-ssp --disable-libssp --disable-libvtv --enable-libmpx --disable-plugin --with-bugurl=http://bugs.opensuse.org/ --with-pkgversion='SUSE Linux' --disable-libgcj --with-slibdir=/lib64 --with-system-zlib --enable-__cxa_atexit --enable-libstdcxx-allocator=new --disable-libstdcxx-pch --enable-version-specific-runtime-libs --enable-linker-build-id --enable-linux-futex --program-suffix=-5 --without-system-libunwind --enable-multilib --with-arch-32=x86-64 --with-tune=generic --build=x86_64-suse-linux --host=x86_64-suse-linux]
  ignore line: [Thread model: posix]
  ignore line: [gcc version 5.3.1 20160412 [gcc-5-branch revision 234894] (SUSE Linux) ]
  ignore line: [COMPILER_PATH=/usr/lib64/gcc/x86_64-suse-linux/5/:/usr/lib64/gcc/x86_64-suse-linux/5/:/usr/lib64/gcc/x86_64-suse-linux/:/usr/lib64/gcc/x86_64-suse-linux/5/:/usr/lib64/gcc/x86_64-suse-linux/:/usr/lib64/gcc/x86_64-suse-linux/5/../../../../x86_64-suse-linux/bin/]
  ignore line: [LIBRARY_PATH=/usr/lib64/gcc/x86_64-suse-linux/5/:/usr/lib64/gcc/x86_64-suse-linux/5/../../../../lib64/:/lib/../lib64/:/usr/lib/../lib64/:/usr/lib64/gcc/x86_64-suse-linux/5/../../../../x86_64-suse-linux/lib/:/usr/lib64/gcc/x86_64-suse-linux/5/../../../:/lib/:/usr/lib/]
  ignore line: [COLLECT_GCC_OPTIONS='-v' '-o' 'cmTC_be126' '-rdynamic' '-mtune=generic' '-march=x86-64']
  link line: [ /usr/lib64/gcc/x86_64-suse-linux/5/collect2 -plugin /usr/lib64/gcc/x86_64-suse-linux/5/liblto_plugin.so -plugin-opt=/usr/lib64/gcc/x86_64-suse-linux/5/lto-wrapper -plugin-opt=-fresolution=/tmp/cc2J2KWb.res -plugin-opt=-pass-through=-lgcc -plugin-opt=-pass-through=-lgcc_s -plugin-opt=-pass-through=-lc -plugin-opt=-pass-through=-lgcc -plugin-opt=-pass-through=-lgcc_s --build-id --eh-frame-hdr -m elf_x86_64 -export-dynamic -dynamic-linker /lib64/ld-linux-x86-64.so.2 -o cmTC_be126 /usr/lib64/gcc/x86_64-suse-linux/5/../../../../lib64/crt1.o /usr/lib64/gcc/x86_64-suse-linux/5/../../../../lib64/crti.o /usr/lib64/gcc/x86_64-suse-linux/5/crtbegin.o -L/usr/lib64/gcc/x86_64-suse-linux/5 -L/usr/lib64/gcc/x86_64-suse-linux/5/../../../../lib64 -L/lib/../lib64 -L/usr/lib/../lib64 -L/usr/lib64/gcc/x86_64-suse-linux/5/../../../../x86_64-suse-linux/lib -L/usr/lib64/gcc/x86_64-suse-linux/5/../../.. CMakeFiles/cmTC_be126.dir/CMakeCCompilerABI.c.o -lgcc --as-needed -lgcc_s --no-as-needed -lc -lgcc --as-needed -lgcc_s --no-as-needed /usr/lib64/gcc/x86_64-suse-linux/5/crtend.o /usr/lib64/gcc/x86_64-suse-linux/5/../../../../lib64/crtn.o]
    arg [/usr/lib64/gcc/x86_64-suse-linux/5/collect2] ==> ignore
    arg [-plugin] ==> ignore
    arg [/usr/lib64/gcc/x86_64-suse-linux/5/liblto_plugin.so] ==> ignore
    arg [-plugin-opt=/usr/lib64/gcc/x86_64-suse-linux/5/lto-wrapper] ==> ignore
    arg [-plugin-opt=-fresolution=/tmp/cc2J2KWb.res] ==> ignore
    arg [-plugin-opt=-pass-through=-lgcc] ==> ignore
    arg [-plugin-opt=-pass-through=-lgcc_s] ==> ignore
    arg [-plugin-opt=-pass-through=-lc] ==> ignore
    arg [-plugin-opt=-pass-through=-lgcc] ==> ignore
    arg [-plugin-opt=-pass-through=-lgcc_s] ==> ignore
    arg [--build-id] ==> ignore
    arg [--eh-frame-hdr] ==> ignore
    arg [-m] ==> ignore
    arg [elf_x86_64] ==> ignore
    arg [-export-dynamic] ==> ignore
    arg [-dynamic-linker] ==> ignore
    arg [/lib64/ld-linux-x86-64.so.2] ==> ignore
    arg [-o] ==> ignore
    arg [cmTC_be126] ==> ignore
    arg [/usr/lib64/gcc/x86_64-suse-linux/5/../../../../lib64/crt1.o] ==> ignore
    arg [/usr/lib64/gcc/x86_64-suse-linux/5/../../../../lib64/crti.o] ==> ignore
    arg [/usr/lib64/gcc/x86_64-suse-linux/5/crtbegin.o] ==> ignore
    arg [-L/usr/lib64/gcc/x86_64-suse-linux/5] ==> dir [/usr/lib64/gcc/x86_64-suse-linux/5]
    arg [-L/usr/lib64/gcc/x86_64-suse-linux/5/../../../../lib64] ==> dir [/usr/lib64/gcc/x86_64-suse-linux/5/../../../../lib64]
    arg [-L/lib/../lib64] ==> dir [/lib/../lib64]
    arg [-L/usr/lib/../lib64] ==> dir [/usr/lib/../lib64]
    arg [-L/usr/lib64/gcc/x86_64-suse-linux/5/../../../../x86_64-suse-linux/lib] ==> dir [/usr/lib64/gcc/x86_64-suse-linux/5/../../../../x86_64-suse-linux/lib]
    arg [-L/usr/lib64/gcc/x86_64-suse-linux/5/../../..] ==> dir [/usr/lib64/gcc/x86_64-suse-linux/5/../../..]
    arg [CMakeFiles/cmTC_be126.dir/CMakeCCompilerABI.c.o] ==> ignore
    arg [-lgcc] ==> lib [gcc]
    arg [--as-needed] ==> ignore
    arg [-lgcc_s] ==> lib [gcc_s]
    arg [--no-as-needed] ==> ignore
    arg [-lc] ==> lib [c]
    arg [-lgcc] ==> lib [gcc]
    arg [--as-needed] ==> ignore
    arg [-lgcc_s] ==> lib [gcc_s]
    arg [--no-as-needed] ==> ignore
    arg [/usr/lib64/gcc/x86_64-suse-linux/5/crtend.o] ==> ignore
    arg [/usr/lib64/gcc/x86_64-suse-linux/5/../../../../lib64/crtn.o] ==> ignore
  remove lib [gcc]
  remove lib [gcc_s]
  remove lib [gcc]
  remove lib [gcc_s]
  collapse library dir [/usr/lib64/gcc/x86_64-suse-linux/5] ==> [/usr/lib64/gcc/x86_64-suse-linux/5]
  collapse library dir [/usr/lib64/gcc/x86_64-suse-linux/5/../../../../lib64] ==> [/usr/lib64]
  collapse library dir [/lib/../lib64] ==> [/lib64]
  collapse library dir [/usr/lib/../lib64] ==> [/usr/lib64]
  collapse library dir [/usr/lib64/gcc/x86_64-suse-linux/5/../../../../x86_64-suse-linux/lib] ==> [/usr/x86_64-suse-linux/lib]
  collapse library dir [/usr/lib64/gcc/x86_64-suse-linux/5/../../..] ==> [/usr/lib64]
  implicit libs: [c]
  implicit dirs: [/usr/lib64/gcc/x86_64-suse-linux/5;/usr/lib64;/lib64;/usr/x86_64-suse-linux/lib]
  implicit fwks: []




Detecting C [-std=c11] compiler features compiled with the following output:
Change Dir: /home/Dev/libs/game/PeakEngines/peakengine-0.0.2/CMakeFiles/CMakeTmp

Run Build Command:"/usr/bin/gmake" "cmTC_82170/fast"
/usr/bin/gmake -f CMakeFiles/cmTC_82170.dir/build.make CMakeFiles/cmTC_82170.dir/build
gmake[1]: Entering directory '/home/Dev/libs/game/PeakEngines/peakengine-0.0.2/CMakeFiles/CMakeTmp'
Building C object CMakeFiles/cmTC_82170.dir/feature_tests.c.o
/usr/bin/cc    -std=c11 -o CMakeFiles/cmTC_82170.dir/feature_tests.c.o   -c /home/Dev/libs/game/PeakEngines/peakengine-0.0.2/CMakeFiles/feature_tests.c
Linking C executable cmTC_82170
/usr/bin/cmake -E cmake_link_script CMakeFiles/cmTC_82170.dir/link.txt --verbose=1
/usr/bin/cc       CMakeFiles/cmTC_82170.dir/feature_tests.c.o  -o cmTC_82170 -rdynamic 
gmake[1]: Leaving directory '/home/Dev/libs/game/PeakEngines/peakengine-0.0.2/CMakeFiles/CMakeTmp'


    Feature record: C_FEATURE:1c_function_prototypes
    Feature record: C_FEATURE:1c_restrict
    Feature record: C_FEATURE:1c_static_assert
    Feature record: C_FEATURE:1c_variadic_macros


Detecting C [-std=c99] compiler features compiled with the following output:
Change Dir: /home/Dev/libs/game/PeakEngines/peakengine-0.0.2/CMakeFiles/CMakeTmp

Run Build Command:"/usr/bin/gmake" "cmTC_fd635/fast"
/usr/bin/gmake -f CMakeFiles/cmTC_fd635.dir/build.make CMakeFiles/cmTC_fd635.dir/build
gmake[1]: Entering directory '/home/Dev/libs/game/PeakEngines/peakengine-0.0.2/CMakeFiles/CMakeTmp'
Building C object CMakeFiles/cmTC_fd635.dir/feature_tests.c.o
/usr/bin/cc    -std=c99 -o CMakeFiles/cmTC_fd635.dir/feature_tests.c.o   -c /home/Dev/libs/game/PeakEngines/peakengine-0.0.2/CMakeFiles/feature_tests.c
Linking C executable cmTC_fd635
/usr/bin/cmake -E cmake_link_script CMakeFiles/cmTC_fd635.dir/link.txt --verbose=1
/usr/bin/cc       CMakeFiles/cmTC_fd635.dir/feature_tests.c.o  -o cmTC_fd635 -rdynamic 
gmake[1]: Leaving directory '/home/Dev/libs/game/PeakEngines/peakengine-0.0.2/CMakeFiles/CMakeTmp'


    Feature record: C_FEATURE:1c_function_prototypes
    Feature record: C_FEATURE:1c_restrict
    Feature record: C_FEATURE:0c_static_assert
    Feature record: C_FEATURE:1c_variadic_macros


Detecting C [-std=c90] compiler features compiled with the following output:
Change Dir: /home/Dev/libs/game/PeakEngines/peakengine-0.0.2/CMakeFiles/CMakeTmp

Run Build Command:"/usr/bin/gmake" "cmTC_5fc43/fast"
/usr/bin/gmake -f CMakeFiles/cmTC_5fc43.dir/build.make CMakeFiles/cmTC_5fc43.dir/build
gmake[1]: Entering directory '/home/Dev/libs/game/PeakEngines/peakengine-0.0.2/CMakeFiles/CMakeTmp'
Building C object CMakeFiles/cmTC_5fc43.dir/feature_tests.c.o
/usr/bin/cc    -std=c90 -o CMakeFiles/cmTC_5fc43.dir/feature_tests.c.o   -c /home/Dev/libs/game/PeakEngines/peakengine-0.0.2/CMakeFiles/feature_tests.c
Linking C executable cmTC_5fc43
/usr/bin/cmake -E cmake_link_script CMakeFiles/cmTC_5fc43.dir/link.txt --verbose=1
/usr/bin/cc       CMakeFiles/cmTC_5fc43.dir/feature_tests.c.o  -o cmTC_5fc43 -rdynamic 
gmake[1]: Leaving directory '/home/Dev/libs/game/PeakEngines/peakengine-0.0.2/CMakeFiles/CMakeTmp'


    Feature record: C_FEATURE:1c_function_prototypes
    Feature record: C_FEATURE:0c_restrict
    Feature record: C_FEATURE:0c_static_assert
    Feature record: C_FEATURE:0c_variadic_macros
Determining if the CXX compiler works passed with the following output:
Change Dir: /home/Dev/libs/game/PeakEngines/peakengine-0.0.2/CMakeFiles/CMakeTmp

Run Build Command:"/usr/bin/gmake" "cmTC_601d0/fast"
/usr/bin/gmake -f CMakeFiles/cmTC_601d0.dir/build.make CMakeFiles/cmTC_601d0.dir/build
gmake[1]: Entering directory '/home/Dev/libs/game/PeakEngines/peakengine-0.0.2/CMakeFiles/CMakeTmp'
Building CXX object CMakeFiles/cmTC_601d0.dir/testCXXCompiler.cxx.o
/usr/bin/c++      -o CMakeFiles/cmTC_601d0.dir/testCXXCompiler.cxx.o -c /home/Dev/libs/game/PeakEngines/peakengine-0.0.2/CMakeFiles/CMakeTmp/testCXXCompiler.cxx
Linking CXX executable cmTC_601d0
/usr/bin/cmake -E cmake_link_script CMakeFiles/cmTC_601d0.dir/link.txt --verbose=1
/usr/bin/c++        CMakeFiles/cmTC_601d0.dir/testCXXCompiler.cxx.o  -o cmTC_601d0 -rdynamic 
gmake[1]: Leaving directory '/home/Dev/libs/game/PeakEngines/peakengine-0.0.2/CMakeFiles/CMakeTmp'


Detecting CXX compiler ABI info compiled with the following output:
Change Dir: /home/Dev/libs/game/PeakEngines/peakengine-0.0.2/CMakeFiles/CMakeTmp

Run Build Command:"/usr/bin/gmake" "cmTC_4056f/fast"
/usr/bin/gmake -f CMakeFiles/cmTC_4056f.dir/build.make CMakeFiles/cmTC_4056f.dir/build
gmake[1]: Entering directory '/home/Dev/libs/game/PeakEngines/peakengine-0.0.2/CMakeFiles/CMakeTmp'
Building CXX object CMakeFiles/cmTC_4056f.dir/CMakeCXXCompilerABI.cpp.o
/usr/bin/c++      -o CMakeFiles/cmTC_4056f.dir/CMakeCXXCompilerABI.cpp.o -c /usr/share/cmake/Modules/CMakeCXXCompilerABI.cpp
Linking CXX executable cmTC_4056f
/usr/bin/cmake -E cmake_link_script CMakeFiles/cmTC_4056f.dir/link.txt --verbose=1
/usr/bin/c++       -v CMakeFiles/cmTC_4056f.dir/CMakeCXXCompilerABI.cpp.o  -o cmTC_4056f -rdynamic  
Using built-in specs.
COLLECT_GCC=/usr/bin/c++
COLLECT_LTO_WRAPPER=/usr/lib64/gcc/x86_64-suse-linux/5/lto-wrapper
Target: x86_64-suse-linux
Configured with: ../configure --prefix=/usr --infodir=/usr/share/info --mandir=/usr/share/man --libdir=/usr/lib64 --libexecdir=/usr/lib64 --enable-languages=c,c++,objc,fortran,obj-c++,java,ada,go --enable-checking=release --with-gxx-include-dir=/usr/include/c++/5 --enable-ssp --disable-libssp --disable-libvtv --enable-libmpx --disable-plugin --with-bugurl=http://bugs.opensuse.org/ --with-pkgversion='SUSE Linux' --disable-libgcj --with-slibdir=/lib64 --with-system-zlib --enable-__cxa_atexit --enable-libstdcxx-allocator=new --disable-libstdcxx-pch --enable-version-specific-runtime-libs --enable-linker-build-id --enable-linux-futex --program-suffix=-5 --without-system-libunwind --enable-multilib --with-arch-32=x86-64 --with-tune=generic --build=x86_64-suse-linux --host=x86_64-suse-linux
Thread model: posix
gcc version 5.3.1 20160412 [gcc-5-branch revision 234894] (SUSE Linux) 
COMPILER_PATH=/usr/lib64/gcc/x86_64-suse-linux/5/:/usr/lib64/gcc/x86_64-suse-linux/5/:/usr/lib64/gcc/x86_64-suse-linux/:/usr/lib64/gcc/x86_64-suse-linux/5/:/usr/lib64/gcc/x86_64-suse-linux/:/usr/lib64/gcc/x86_64-suse-linux/5/../../../../x86_64-suse-linux/bin/
LIBRARY_PATH=/usr/lib64/gcc/x86_64-suse-linux/5/:/usr/lib64/gcc/x86_64-suse-linux/5/../../../../lib64/:/lib/../lib64/:/usr/lib/../lib64/:/usr/lib64/gcc/x86_64-suse-linux/5/../../../../x86_64-suse-linux/lib/:/usr/lib64/gcc/x86_64-suse-linux/5/../../../:/lib/:/usr/lib/
COLLECT_GCC_OPTIONS='-v' '-o' 'cmTC_4056f' '-rdynamic' '-shared-libgcc' '-mtune=generic' '-march=x86-64'
 /usr/lib64/gcc/x86_64-suse-linux/5/collect2 -plugin /usr/lib64/gcc/x86_64-suse-linux/5/liblto_plugin.so -plugin-opt=/usr/lib64/gcc/x86_64-suse-linux/5/lto-wrapper -plugin-opt=-fresolution=/tmp/ccFRdXy0.res -plugin-opt=-pass-through=-lgcc_s -plugin-opt=-pass-through=-lgcc -plugin-opt=-pass-through=-lc -plugin-opt=-pass-through=-lgcc_s -plugin-opt=-pass-through=-lgcc --build-id --eh-frame-hdr -m elf_x86_64 -export-dynamic -dynamic-linker /lib64/ld-linux-x86-64.so.2 -o cmTC_4056f /usr/lib64/gcc/x86_64-suse-linux/5/../../../../lib64/crt1.o /usr/lib64/gcc/x86_64-suse-linux/5/../../../../lib64/crti.o /usr/lib64/gcc/x86_64-suse-linux/5/crtbegin.o -L/usr/lib64/gcc/x86_64-suse-linux/5 -L/usr/lib64/gcc/x86_64-suse-linux/5/../../../../lib64 -L/lib/../lib64 -L/usr/lib/../lib64 -L/usr/lib64/gcc/x86_64-suse-linux/5/../../../../x86_64-suse-linux/lib -L/usr/lib64/gcc/x86_64-suse-linux/5/../../.. CMakeFiles/cmTC_4056f.dir/CMakeCXXCompilerABI.cpp.o -lstdc++ -lm -lgcc_s -lgcc -lc -lgcc_s -lgcc /usr/lib64/gcc/x86_64-suse-linux/5/crtend.o /usr/lib64/gcc/x86_64-suse-linux/5/../../../../lib64/crtn.o
gmake[1]: Leaving directory '/home/Dev/libs/game/PeakEngines/peakengine-0.0.2/CMakeFiles/CMakeTmp'


Parsed CXX implicit link information from above output:
  link line regex: [^( *|.*[/\])(ld|([^/\]+-)?ld|collect2)[^/\]*( |$)]
  ignore line: [Change Dir: /home/Dev/libs/game/PeakEngines/peakengine-0.0.2/CMakeFiles/CMakeTmp]
  ignore line: []
  ignore line: [Run Build Command:"/usr/bin/gmake" "cmTC_4056f/fast"]
  ignore line: [/usr/bin/gmake -f CMakeFiles/cmTC_4056f.dir/build.make CMakeFiles/cmTC_4056f.dir/build]
  ignore line: [gmake[1]: Entering directory '/home/Dev/libs/game/PeakEngines/peakengine-0.0.2/CMakeFiles/CMakeTmp']
  ignore line: [Building CXX object CMakeFiles/cmTC_4056f.dir/CMakeCXXCompilerABI.cpp.o]
  ignore line: [/usr/bin/c++      -o CMakeFiles/cmTC_4056f.dir/CMakeCXXCompilerABI.cpp.o -c /usr/share/cmake/Modules/CMakeCXXCompilerABI.cpp]
  ignore line: [Linking CXX executable cmTC_4056f]
  ignore line: [/usr/bin/cmake -E cmake_link_script CMakeFiles/cmTC_4056f.dir/link.txt --verbose=1]
  ignore line: [/usr/bin/c++       -v CMakeFiles/cmTC_4056f.dir/CMakeCXXCompilerABI.cpp.o  -o cmTC_4056f -rdynamic  ]
  ignore line: [Using built-in specs.]
  ignore line: [COLLECT_GCC=/usr/bin/c++]
  ignore line: [COLLECT_LTO_WRAPPER=/usr/lib64/gcc/x86_64-suse-linux/5/lto-wrapper]
  ignore line: [Target: x86_64-suse-linux]
  ignore line: [Configured with: ../configure --prefix=/usr --infodir=/usr/share/info --mandir=/usr/share/man --libdir=/usr/lib64 --libexecdir=/usr/lib64 --enable-languages=c,c++,objc,fortran,obj-c++,java,ada,go --enable-checking=release --with-gxx-include-dir=/usr/include/c++/5 --enable-ssp --disable-libssp --disable-libvtv --enable-libmpx --disable-plugin --with-bugurl=http://bugs.opensuse.org/ --with-pkgversion='SUSE Linux' --disable-libgcj --with-slibdir=/lib64 --with-system-zlib --enable-__cxa_atexit --enable-libstdcxx-allocator=new --disable-libstdcxx-pch --enable-version-specific-runtime-libs --enable-linker-build-id --enable-linux-futex --program-suffix=-5 --without-system-libunwind --enable-multilib --with-arch-32=x86-64 --with-tune=generic --build=x86_64-suse-linux --host=x86_64-suse-linux]
  ignore line: [Thread model: posix]
  ignore line: [gcc version 5.3.1 20160412 [gcc-5-branch revision 234894] (SUSE Linux) ]
  ignore line: [COMPILER_PATH=/usr/lib64/gcc/x86_64-suse-linux/5/:/usr/lib64/gcc/x86_64-suse-linux/5/:/usr/lib64/gcc/x86_64-suse-linux/:/usr/lib64/gcc/x86_64-suse-linux/5/:/usr/lib64/gcc/x86_64-suse-linux/:/usr/lib64/gcc/x86_64-suse-linux/5/../../../../x86_64-suse-linux/bin/]
  ignore line: [LIBRARY_PATH=/usr/lib64/gcc/x86_64-suse-linux/5/:/usr/lib64/gcc/x86_64-suse-linux/5/../../../../lib64/:/lib/../lib64/:/usr/lib/../lib64/:/usr/lib64/gcc/x86_64-suse-linux/5/../../../../x86_64-suse-linux/lib/:/usr/lib64/gcc/x86_64-suse-linux/5/../../../:/lib/:/usr/lib/]
  ignore line: [COLLECT_GCC_OPTIONS='-v' '-o' 'cmTC_4056f' '-rdynamic' '-shared-libgcc' '-mtune=generic' '-march=x86-64']
  link line: [ /usr/lib64/gcc/x86_64-suse-linux/5/collect2 -plugin /usr/lib64/gcc/x86_64-suse-linux/5/liblto_plugin.so -plugin-opt=/usr/lib64/gcc/x86_64-suse-linux/5/lto-wrapper -plugin-opt=-fresolution=/tmp/ccFRdXy0.res -plugin-opt=-pass-through=-lgcc_s -plugin-opt=-pass-through=-lgcc -plugin-opt=-pass-through=-lc -plugin-opt=-pass-through=-lgcc_s -plugin-opt=-pass-through=-lgcc --build-id --eh-frame-hdr -m elf_x86_64 -export-dynamic -dynamic-linker /lib64/ld-linux-x86-64.so.2 -o cmTC_4056f /usr/lib64/gcc/x86_64-suse-linux/5/../../../../lib64/crt1.o /usr/lib64/gcc/x86_64-suse-linux/5/../../../../lib64/crti.o /usr/lib64/gcc/x86_64-suse-linux/5/crtbegin.o -L/usr/lib64/gcc/x86_64-suse-linux/5 -L/usr/lib64/gcc/x86_64-suse-linux/5/../../../../lib64 -L/lib/../lib64 -L/usr/lib/../lib64 -L/usr/lib64/gcc/x86_64-suse-linux/5/../../../../x86_64-suse-linux/lib -L/usr/lib64/gcc/x86_64-suse-linux/5/../../.. CMakeFiles/cmTC_4056f.dir/CMakeCXXCompilerABI.cpp.o -lstdc++ -lm -lgcc_s -lgcc -lc -lgcc_s -lgcc /usr/lib64/gcc/x86_64-suse-linux/5/crtend.o /usr/lib64/gcc/x86_64-suse-linux/5/../../../../lib64/crtn.o]
    arg [/usr/lib64/gcc/x86_64-suse-linux/5/collect2] ==> ignore
    arg [-plugin] ==> ignore
    arg [/usr/lib64/gcc/x86_64-suse-linux/5/liblto_plugin.so] ==> ignore
    arg [-plugin-opt=/usr/lib64/gcc/x86_64-suse-linux/5/lto-wrapper] ==> ignore
    arg [-plugin-opt=-fresolution=/tmp/ccFRdXy0.res] ==> ignore
    arg [-plugin-opt=-pass-through=-lgcc_s] ==> ignore
    arg [-plugin-opt=-pass-through=-lgcc] ==> ignore
    arg [-plugin-opt=-pass-through=-lc] ==> ignore
    arg [-plugin-opt=-pass-through=-lgcc_s] ==> ignore
    arg [-plugin-opt=-pass-through=-lgcc] ==> ignore
    arg [--build-id] ==> ignore
    arg [--eh-frame-hdr] ==> ignore
    arg [-m] ==> ignore
    arg [elf_x86_64] ==> ignore
    arg [-export-dynamic] ==> ignore
    arg [-dynamic-linker] ==> ignore
    arg [/lib64/ld-linux-x86-64.so.2] ==> ignore
    arg [-o] ==> ignore
    arg [cmTC_4056f] ==> ignore
    arg [/usr/lib64/gcc/x86_64-suse-linux/5/../../../../lib64/crt1.o] ==> ignore
    arg [/usr/lib64/gcc/x86_64-suse-linux/5/../../../../lib64/crti.o] ==> ignore
    arg [/usr/lib64/gcc/x86_64-suse-linux/5/crtbegin.o] ==> ignore
    arg [-L/usr/lib64/gcc/x86_64-suse-linux/5] ==> dir [/usr/lib64/gcc/x86_64-suse-linux/5]
    arg [-L/usr/lib64/gcc/x86_64-suse-linux/5/../../../../lib64] ==> dir [/usr/lib64/gcc/x86_64-suse-linux/5/../../../../lib64]
    arg [-L/lib/../lib64] ==> dir [/lib/../lib64]
    arg [-L/usr/lib/../lib64] ==> dir [/usr/lib/../lib64]
    arg [-L/usr/lib64/gcc/x86_64-suse-linux/5/../../../../x86_64-suse-linux/lib] ==> dir [/usr/lib64/gcc/x86_64-suse-linux/5/../../../../x86_64-suse-linux/lib]
    arg [-L/usr/lib64/gcc/x86_64-suse-linux/5/../../..] ==> dir [/usr/lib64/gcc/x86_64-suse-linux/5/../../..]
    arg [CMakeFiles/cmTC_4056f.dir/CMakeCXXCompilerABI.cpp.o] ==> ignore
    arg [-lstdc++] ==> lib [stdc++]
    arg [-lm] ==> lib [m]
    arg [-lgcc_s] ==> lib [gcc_s]
    arg [-lgcc] ==> lib [gcc]
    arg [-lc] ==> lib [c]
    arg [-lgcc_s] ==> lib [gcc_s]
    arg [-lgcc] ==> lib [gcc]
    arg [/usr/lib64/gcc/x86_64-suse-linux/5/crtend.o] ==> ignore
    arg [/usr/lib64/gcc/x86_64-suse-linux/5/../../../../lib64/crtn.o] ==> ignore
  remove lib [gcc_s]
  remove lib [gcc]
  remove lib [gcc_s]
  remove lib [gcc]
  collapse library dir [/usr/lib64/gcc/x86_64-suse-linux/5] ==> [/usr/lib64/gcc/x86_64-suse-linux/5]
  collapse library dir [/usr/lib64/gcc/x86_64-suse-linux/5/../../../../lib64] ==> [/usr/lib64]
  collapse library dir [/lib/../lib64] ==> [/lib64]
  collapse library dir [/usr/lib/../lib64] ==> [/usr/lib64]
  collapse library dir [/usr/lib64/gcc/x86_64-suse-linux/5/../../../../x86_64-suse-linux/lib] ==> [/usr/x86_64-suse-linux/lib]
  collapse library dir [/usr/lib64/gcc/x86_64-suse-linux/5/../../..] ==> [/usr/lib64]
  implicit libs: [stdc++;m;c]
  implicit dirs: [/usr/lib64/gcc/x86_64-suse-linux/5;/usr/lib64;/lib64;/usr/x86_64-suse-linux/lib]
  implicit fwks: []




Detecting CXX [-std=c++14] compiler features compiled with the following output:
Change Dir: /home/Dev/libs/game/PeakEngines/peakengine-0.0.2/CMakeFiles/CMakeTmp

Run Build Command:"/usr/bin/gmake" "cmTC_99a76/fast"
/usr/bin/gmake -f CMakeFiles/cmTC_99a76.dir/build.make CMakeFiles/cmTC_99a76.dir/build
gmake[1]: Entering directory '/home/Dev/libs/game/PeakEngines/peakengine-0.0.2/CMakeFiles/CMakeTmp'
Building CXX object CMakeFiles/cmTC_99a76.dir/feature_tests.cxx.o
/usr/bin/c++     -std=c++14 -o CMakeFiles/cmTC_99a76.dir/feature_tests.cxx.o -c /home/Dev/libs/game/PeakEngines/peakengine-0.0.2/CMakeFiles/feature_tests.cxx
Linking CXX executable cmTC_99a76
/usr/bin/cmake -E cmake_link_script CMakeFiles/cmTC_99a76.dir/link.txt --verbose=1
/usr/bin/c++        CMakeFiles/cmTC_99a76.dir/feature_tests.cxx.o  -o cmTC_99a76 -rdynamic 
gmake[1]: Leaving directory '/home/Dev/libs/game/PeakEngines/peakengine-0.0.2/CMakeFiles/CMakeTmp'


    Feature record: CXX_FEATURE:1cxx_aggregate_default_initializers
    Feature record: CXX_FEATURE:1cxx_alias_templates
    Feature record: CXX_FEATURE:1cxx_alignas
    Feature record: CXX_FEATURE:1cxx_alignof
    Feature record: CXX_FEATURE:1cxx_attributes
    Feature record: CXX_FEATURE:1cxx_attribute_deprecated
    Feature record: CXX_FEATURE:1cxx_auto_type
    Feature record: CXX_FEATURE:1cxx_binary_literals
    Feature record: CXX_FEATURE:1cxx_constexpr
    Feature record: CXX_FEATURE:1cxx_contextual_conversions
    Feature record: CXX_FEATURE:1cxx_decltype
    Feature record: CXX_FEATURE:1cxx_decltype_auto
    Feature record: CXX_FEATURE:1cxx_decltype_incomplete_return_types
    Feature record: CXX_FEATURE:1cxx_default_function_template_args
    Feature record: CXX_FEATURE:1cxx_defaulted_functions
    Feature record: CXX_FEATURE:1cxx_defaulted_move_initializers
    Feature record: CXX_FEATURE:1cxx_delegating_constructors
    Feature record: CXX_FEATURE:1cxx_deleted_functions
    Feature record: CXX_FEATURE:1cxx_digit_separators
    Feature record: CXX_FEATURE:1cxx_enum_forward_declarations
    Feature record: CXX_FEATURE:1cxx_explicit_conversions
    Feature record: CXX_FEATURE:1cxx_extended_friend_declarations
    Feature record: CXX_FEATURE:1cxx_extern_templates
    Feature record: CXX_FEATURE:1cxx_final
    Feature record: CXX_FEATURE:1cxx_func_identifier
    Feature record: CXX_FEATURE:1cxx_generalized_initializers
    Feature record: CXX_FEATURE:1cxx_generic_lambdas
    Feature record: CXX_FEATURE:1cxx_inheriting_constructors
    Feature record: CXX_FEATURE:1cxx_inline_namespaces
    Feature record: CXX_FEATURE:1cxx_lambdas
    Feature record: CXX_FEATURE:1cxx_lambda_init_captures
    Feature record: CXX_FEATURE:1cxx_local_type_template_args
    Feature record: CXX_FEATURE:1cxx_long_long_type
    Feature record: CXX_FEATURE:1cxx_noexcept
    Feature record: CXX_FEATURE:1cxx_nonstatic_member_init
    Feature record: CXX_FEATURE:1cxx_nullptr
    Feature record: CXX_FEATURE:1cxx_override
    Feature record: CXX_FEATURE:1cxx_range_for
    Feature record: CXX_FEATURE:1cxx_raw_string_literals
    Feature record: CXX_FEATURE:1cxx_reference_qualified_functions
    Feature record: CXX_FEATURE:1cxx_relaxed_constexpr
    Feature record: CXX_FEATURE:1cxx_return_type_deduction
    Feature record: CXX_FEATURE:1cxx_right_angle_brackets
    Feature record: CXX_FEATURE:1cxx_rvalue_references
    Feature record: CXX_FEATURE:1cxx_sizeof_member
    Feature record: CXX_FEATURE:1cxx_static_assert
    Feature record: CXX_FEATURE:1cxx_strong_enums
    Feature record: CXX_FEATURE:1cxx_template_template_parameters
    Feature record: CXX_FEATURE:1cxx_thread_local
    Feature record: CXX_FEATURE:1cxx_trailing_return_types
    Feature record: CXX_FEATURE:1cxx_unicode_literals
    Feature record: CXX_FEATURE:1cxx_uniform_initialization
    Feature record: CXX_FEATURE:1cxx_unrestricted_unions
    Feature record: CXX_FEATURE:1cxx_user_literals
    Feature record: CXX_FEATURE:1cxx_variable_templates
    Feature record: CXX_FEATURE:1cxx_variadic_macros
    Feature record: CXX_FEATURE:1cxx_variadic_templates


Detecting CXX [-std=c++11] compiler features compiled with the following output:
Change Dir: /home/Dev/libs/game/PeakEngines/peakengine-0.0.2/CMakeFiles/CMakeTmp

Run Build Command:"/usr/bin/gmake" "cmTC_c3f07/fast"
/usr/bin/gmake -f CMakeFiles/cmTC_c3f07.dir/build.make CMakeFiles/cmTC_c3f07.dir/build
gmake[1]: Entering directory '/home/Dev/libs/game/PeakEngines/peakengine-0.0.2/CMakeFiles/CMakeTmp'
Building CXX object CMakeFiles/cmTC_c3f07.dir/feature_tests.cxx.o
/usr/bin/c++     -std=c++11 -o CMakeFiles/cmTC_c3f07.dir/feature_tests.cxx.o -c /home/Dev/libs/game/PeakEngines/peakengine-0.0.2/CMakeFiles/feature_tests.cxx
Linking CXX executable cmTC_c3f07
/usr/bin/cmake -E cmake_link_script CMakeFiles/cmTC_c3f07.dir/link.txt --verbose=1
/usr/bin/c++        CMakeFiles/cmTC_c3f07.dir/feature_tests.cxx.o  -o cmTC_c3f07 -rdynamic 
gmake[1]: Leaving directory '/home/Dev/libs/game/PeakEngines/peakengine-0.0.2/CMakeFiles/CMakeTmp'


    Feature record: CXX_FEATURE:0cxx_aggregate_default_initializers
    Feature record: CXX_FEATURE:1cxx_alias_templates
    Feature record: CXX_FEATURE:1cxx_alignas
    Feature record: CXX_FEATURE:1cxx_alignof
    Feature record: CXX_FEATURE:1cxx_attributes
    Feature record: CXX_FEATURE:0cxx_attribute_deprecated
    Feature record: CXX_FEATURE:1cxx_auto_type
    Feature record: CXX_FEATURE:0cxx_binary_literals
    Feature record: CXX_FEATURE:1cxx_constexpr
    Feature record: CXX_FEATURE:0cxx_contextual_conversions
    Feature record: CXX_FEATURE:1cxx_decltype
    Feature record: CXX_FEATURE:0cxx_decltype_auto
    Feature record: CXX_FEATURE:1cxx_decltype_incomplete_return_types
    Feature record: CXX_FEATURE:1cxx_default_function_template_args
    Feature record: CXX_FEATURE:1cxx_defaulted_functions
    Feature record: CXX_FEATURE:1cxx_defaulted_move_initializers
    Feature record: CXX_FEATURE:1cxx_delegating_constructors
    Feature record: CXX_FEATURE:1cxx_deleted_functions
    Feature record: CXX_FEATURE:0cxx_digit_separators
    Feature record: CXX_FEATURE:1cxx_enum_forward_declarations
    Feature record: CXX_FEATURE:1cxx_explicit_conversions
    Feature record: CXX_FEATURE:1cxx_extended_friend_declarations
    Feature record: CXX_FEATURE:1cxx_extern_templates
    Feature record: CXX_FEATURE:1cxx_final
    Feature record: CXX_FEATURE:1cxx_func_identifier
    Feature record: CXX_FEATURE:1cxx_generalized_initializers
    Feature record: CXX_FEATURE:0cxx_generic_lambdas
    Feature record: CXX_FEATURE:1cxx_inheriting_constructors
    Feature record: CXX_FEATURE:1cxx_inline_namespaces
    Feature record: CXX_FEATURE:1cxx_lambdas
    Feature record: CXX_FEATURE:0cxx_lambda_init_captures
    Feature record: CXX_FEATURE:1cxx_local_type_template_args
    Feature record: CXX_FEATURE:1cxx_long_long_type
    Feature record: CXX_FEATURE:1cxx_noexcept
    Feature record: CXX_FEATURE:1cxx_nonstatic_member_init
    Feature record: CXX_FEATURE:1cxx_nullptr
    Feature record: CXX_FEATURE:1cxx_override
    Feature record: CXX_FEATURE:1cxx_range_for
    Feature record: CXX_FEATURE:1cxx_raw_string_literals
    Feature record: CXX_FEATURE:1cxx_reference_qualified_functions
    Feature record: CXX_FEATURE:0cxx_relaxed_constexpr
    Feature record: CXX_FEATURE:0cxx_return_type_deduction
    Feature record: CXX_FEATURE:1cxx_right_angle_brackets
    Feature record: CXX_FEATURE:1cxx_rvalue_references
    Feature record: CXX_FEATURE:1cxx_sizeof_member
    Feature record: CXX_FEATURE:1cxx_static_assert
    Feature record: CXX_FEATURE:1cxx_strong_enums
    Feature record: CXX_FEATURE:1cxx_template_template_parameters
    Feature record: CXX_FEATURE:1cxx_thread_local
    Feature record: CXX_FEATURE:1cxx_trailing_return_types
    Feature record: CXX_FEATURE:1cxx_unicode_literals
    Feature record: CXX_FEATURE:1cxx_uniform_initialization
    Feature record: CXX_FEATURE:1cxx_unrestricted_unions
    Feature record: CXX_FEATURE:1cxx_user_literals
    Feature record: CXX_FEATURE:0cxx_variable_templates
    Feature record: CXX_FEATURE:1cxx_variadic_macros
    Feature record: CXX_FEATURE:1cxx_variadic_templates


Detecting CXX [-std=c++98] compiler features compiled with the following output:
Change Dir: /home/Dev/libs/game/PeakEngines/peakengine-0.0.2/CMakeFiles/CMakeTmp

Run Build Command:"/usr/bin/gmake" "cmTC_cebe9/fast"
/usr/bin/gmake -f CMakeFiles/cmTC_cebe9.dir/build.make CMakeFiles/cmTC_cebe9.dir/build
gmake[1]: Entering directory '/home/Dev/libs/game/PeakEngines/peakengine-0.0.2/CMakeFiles/CMakeTmp'
Building CXX object CMakeFiles/cmTC_cebe9.dir/feature_tests.cxx.o
/usr/bin/c++     -std=c++98 -o CMakeFiles/cmTC_cebe9.dir/feature_tests.cxx.o -c /home/Dev/libs/game/PeakEngines/peakengine-0.0.2/CMakeFiles/feature_tests.cxx
Linking CXX executable cmTC_cebe9
/usr/bin/cmake -E cmake_link_script CMakeFiles/cmTC_cebe9.dir/link.txt --verbose=1
/usr/bin/c++        CMakeFiles/cmTC_cebe9.dir/feature_tests.cxx.o  -o cmTC_cebe9 -rdynamic 
gmake[1]: Leaving directory '/home/Dev/libs/game/PeakEngines/peakengine-0.0.2/CMakeFiles/CMakeTmp'


    Feature record: CXX_FEATURE:0cxx_aggregate_default_initializers
    Feature record: CXX_FEATURE:0cxx_alias_templates
    Feature record: CXX_FEATURE:0cxx_alignas
    Feature record: CXX_FEATURE:0cxx_alignof
    Feature record: CXX_FEATURE:0cxx_attributes
    Feature record: CXX_FEATURE:0cxx_attribute_deprecated
    Feature record: CXX_FEATURE:0cxx_auto_type
    Feature record: CXX_FEATURE:0cxx_binary_literals
    Feature record: CXX_FEATURE:0cxx_constexpr
    Feature record: CXX_FEATURE:0cxx_contextual_conversions
    Feature record: CXX_FEATURE:0cxx_decltype
    Feature record: CXX_FEATURE:0cxx_decltype_auto
    Feature record: CXX_FEATURE:0cxx_decltype_incomplete_return_types
    Feature record: CXX_FEATURE:0cxx_default_function_template_args
    Feature record: CXX_FEATURE:0cxx_defaulted_functions
    Feature record: CXX_FEATURE:0cxx_defaulted_move_initializers
    Feature record: CXX_FEATURE:0cxx_delegating_constructors
    Feature record: CXX_FEATURE:0cxx_deleted_functions
    Feature record: CXX_FEATURE:0cxx_digit_separators
    Feature record: CXX_FEATURE:0cxx_enum_forward_declarations
    Feature record: CXX_FEATURE:0cxx_explicit_conversions
    Feature record: CXX_FEATURE:0cxx_extended_friend_declarations
    Feature record: CXX_FEATURE:0cxx_extern_templates
    Feature record: CXX_FEATURE:0cxx_final
    Feature record: CXX_FEATURE:0cxx_func_identifier
    Feature record: CXX_FEATURE:0cxx_generalized_initializers
    Feature record: CXX_FEATURE:0cxx_generic_lambdas
    Feature record: CXX_FEATURE:0cxx_inheriting_constructors
    Feature record: CXX_FEATURE:0cxx_inline_namespaces
    Feature record: CXX_FEATURE:0cxx_lambdas
    Feature record: CXX_FEATURE:0cxx_lambda_init_captures
    Feature record: CXX_FEATURE:0cxx_local_type_template_args
    Feature record: CXX_FEATURE:0cxx_long_long_type
    Feature record: CXX_FEATURE:0cxx_noexcept
    Feature record: CXX_FEATURE:0cxx_nonstatic_member_init
    Feature record: CXX_FEATURE:0cxx_nullptr
    Feature record: CXX_FEATURE:0cxx_override
    Feature record: CXX_FEATURE:0cxx_range_for
    Feature record: CXX_FEATURE:0cxx_raw_string_literals
    Feature record: CXX_FEATURE:0cxx_reference_qualified_functions
    Feature record: CXX_FEATURE:0cxx_relaxed_constexpr
    Feature record: CXX_FEATURE:0cxx_return_type_deduction
    Feature record: CXX_FEATURE:0cxx_right_angle_brackets
    Feature record: CXX_FEATURE:0cxx_rvalue_references
    Feature record: CXX_FEATURE:0cxx_sizeof_member
    Feature record: CXX_FEATURE:0cxx_static_assert
    Feature record: CXX_FEATURE:0cxx_strong_enums
    Feature record: CXX_FEATURE:1cxx_template_template_parameters
    Feature record: CXX_FEATURE:0cxx_thread_local
    Feature record: CXX_FEATURE:0cxx_trailing_return_types
    Feature record: CXX_FEATURE:0cxx_unicode_literals
    Feature record: CXX_FEATURE:0cxx_uniform_initialization
    Feature record: CXX_FEATURE:0cxx_unrestricted_unions
    Feature record: CXX_FEATURE:0cxx_user_literals
    Feature record: CXX_FEATURE:0cxx_variable_templates
    Feature record: CXX_FEATURE:0cxx_variadic_macros
    Feature record: CXX_FEATURE:0cxx_variadic_templates
